
 ------------------------------------------------------------------------------
|   Another GFF Analysis Toolkit (AGAT) - Version: v0.2.3                      |
|   https://github.com/NBISweden/AGAT                                          |
|   National Bioinformatics Infrastructure Sweden (NBIS) - www.nbis.se         |
 ------------------------------------------------------------------------------
                            05/18/2020 at 15h32m47s                             

********************************************************************************
*                              - Start parsing -                               *
********************************************************************************
-------------------------- parse options and metadata --------------------------
=> Accessing the feature level json files
	Using standard /Users/jacda119/git/NBIS/AGAT/blib/lib/auto/share/dist/AGAT/features_level1.json file
	Using standard /Users/jacda119/git/NBIS/AGAT/blib/lib/auto/share/dist/AGAT/features_level2.json file
	Using standard /Users/jacda119/git/NBIS/AGAT/blib/lib/auto/share/dist/AGAT/features_level3.json file
	Using standard /Users/jacda119/git/NBIS/AGAT/blib/lib/auto/share/dist/AGAT/features_spread.json file
	 merge_locus option activated
=> Accessing Ontology
	No ontology accessible from the gff file header!
	We use the SOFA ontology distributed with AGAT:
		/Users/jacda119/git/NBIS/AGAT/blib/lib/auto/share/dist/AGAT/sofa_2_5_3.obo
	read ontology /Users/jacda119/git/NBIS/AGAT/blib/lib/auto/share/dist/AGAT/sofa_2_5_3.obo:
		1 root terms, and 251 total terms, and 129 leaf terms
-------------------------------- parse features --------------------------------
=> GFF version parser used: 3
********************************************************************************
*                               - End parsing -                                *
*                              done in 1 seconds                               *
********************************************************************************

********************************************************************************
*                               - Start checks -                               *
********************************************************************************
---------------------------- Check1: feature types -----------------------------
------------------------------------- agat -------------------------------------
AGAT can deal with all the encountered feature types (3rd column)
----------------------------------- ontology -----------------------------------
All feature types in agreement with the Ontology.
------------------------------ done in 0 seconds -------------------------------

------------------------------ Check2: duplicates ------------------------------
None found
------------------------------ done in 0 seconds -------------------------------

-------------------------- Check3: sequential bucket ---------------------------
None found
------------------------------ done in 0 seconds -------------------------------

--------------------------- Check4: l2 linked to l3 ----------------------------
No problem found
------------------------------ done in 0 seconds -------------------------------

--------------------------- Check5: l1 linked to l2 ----------------------------
No problem found
------------------------------ done in 0 seconds -------------------------------

--------------------------- Check6: remove orphan l1 ---------------------------
We remove only those not supposed to be orphan
None found
------------------------------ done in 0 seconds -------------------------------

----------------------------- Check7: check exons ------------------------------
No exons created
No exons locations modified
No supernumerary exons removed
No level2 locations modified
------------------------------ done in 0 seconds -------------------------------

------------------------------ Check8: check utrs ------------------------------
Remove 1 supernumerary UTRs for transcript:atmg01080.1
No UTRs created
No UTRs locations modified
1 UTRs removed that were supernumerary
------------------------------ done in 0 seconds -------------------------------

------------------------- Check9: all level2 locations -------------------------
All level2 locations are fine
------------------------------ done in 0 seconds -------------------------------

------------------------ Check10: all level1 locations -------------------------
All level1 locations are fine
------------------------------ done in 0 seconds -------------------------------

-------------- Check11: merge overlaping features into same locus --------------
None found
------------------------------ done in 0 seconds -------------------------------

---------------------- Check12: remove identical isoforms ----------------------
None found
------------------------------ done in 0 seconds -------------------------------
********************************************************************************
*                                - End checks -                                *
*                              done in 0 seconds                               *
********************************************************************************

=> OmniscientI total time: 1 seconds
