
 ------------------------------------------------------------------------------
|   Another GFF Analysis Toolkit (AGAT) - Version: v1.5.1                      |
|   https://github.com/NBISweden/AGAT                                          |
|   National Bioinformatics Infrastructure Sweden (NBIS) - www.nbis.se         |
 ------------------------------------------------------------------------------
=> Using standard /workspace/AGAT/blib/lib/auto/share/dist/AGAT/agat_config.yaml config file
                                        
                                       
                          ------ Start parsing ------                           
-------------------------- parse options and metadata --------------------------
=> Accessing the feature_levels YAML file
Using standard /workspace/AGAT/blib/lib/auto/share/dist/AGAT/feature_levels.yaml file
=> Attribute used to group features when no Parent/ID relationship exists (i.e common tag):
	* locus_tag
	* gene_id
=> merge_loci option deactivated
=> Machine information:
	This script is being run by perl v5.38.2
	Bioperl location being used: /workspace/AGAT/local/lib/perl5/Bio/
	Operating system being used: linux 
=> Accessing Ontology
	No ontology accessible from the gff file header!
	We use the SOFA ontology distributed with AGAT:
		/workspace/AGAT/blib/lib/auto/share/dist/AGAT/so.obo
	Read ontology /workspace/AGAT/blib/lib/auto/share/dist/AGAT/so.obo:
		4 root terms, and 2596 total terms, and 1516 leaf terms
	Filtering ontology:
		We found 1861 terms that are sequence_feature or is_a child of it.
--------------------------------- parsing file ---------------------------------
WARNING level2: No Parent attribute found @ for the feature: tig00000088	AGAT	mRNA	375	3557	.	-	.	ID mRNA_atp1 ; Name atp1 ; locus_tag atp1
WARNING level2: No Parent attribute found @ for the feature: tig00000088	AGAT	mRNA	105030	107969	.	-	.	ID mRNA_atp6 ; Name atp6 ; locus_tag atp6
WARNING level2: No Parent attribute found @ for the feature: tig00000088	AGAT	mRNA	56168	56542	.	-	.	ID mRNA_atp8 ; Name atp8 ; locus_tag atp8
WARNING level2: No Parent attribute found @ for the feature: tig00000088	AGAT	mRNA	121551	121778	.	+	.	ID mRNA_atp9 ; Name atp9 ; locus_tag atp9
WARNING level2: No Parent attribute found @ for the feature: tig00000088	AGAT	mRNA	44600	53026	.	-	.	ID mRNA_cob ; Name cob ; locus_tag cob
WARNING level2: No Parent attribute found @ for the feature: tig00000088	AGAT	mRNA	15841	33346	.	-	.	ID mRNA_cox1 ; Name cox1 ; locus_tag cox1
WARNING level2: No Parent attribute found @ for the feature: tig00000088	AGAT	mRNA	10429	10545	.	-	.	ID mRNA_cox2 ; Name cox2 ; locus_tag cox2
WARNING level2: No Parent attribute found @ for the feature: tig00000088	AGAT	mRNA	11202	11519	.	-	.	ID mRNA_cox2_1 ; Name cox2 ; locus_tag cox2
WARNING level2: No Parent attribute found @ for the feature: tig00000088	AGAT	mRNA	12756	13190	.	-	.	ID "agat-mrna-1"  ; Name cox2 ; locus_tag cox2
WARNING level2: No Parent attribute found @ for the feature: tig00000088	AGAT	mRNA	3948	8683	.	-	.	ID mRNA_cox3 ; Name cox3 ; locus_tag cox3
WARNING level2: No Parent attribute found  ************** Too much WARNING message we skip the next **************
WARNING level3: No Parent attribute found @ for the feature: tig00000088	AGAT	exon	375	865	.	-	.	ID exon_atp1 ; Name atp1 ; locus_tag atp1
WARNING level3: No Parent attribute found @ for the feature: tig00000088	AGAT	exon	1513	1650	.	-	.	ID exon_atp1_1 ; Name atp1 ; locus_tag atp1
WARNING level3: No Parent attribute found @ for the feature: tig00000088	AGAT	exon	2191	2346	.	-	.	ID "agat-exon-1"  ; Name atp1 ; locus_tag atp1
WARNING level3: No Parent attribute found @ for the feature: tig00000088	AGAT	exon	2813	3557	.	-	.	ID "agat-exon-2"  ; Name atp1 ; locus_tag atp1
WARNING level3: No Parent attribute found @ for the feature: tig00000088	AGAT	exon	105030	105460	.	-	.	ID exon_atp6 ; Name atp6 ; locus_tag atp6
WARNING level3: No Parent attribute found @ for the feature: tig00000088	AGAT	exon	107645	107969	.	-	.	ID exon_atp6_1 ; Name atp6 ; locus_tag atp6
WARNING level3: No Parent attribute found @ for the feature: tig00000088	AGAT	exon	44600	44835	.	-	.	ID exon_cob ; Name cob ; locus_tag cob
WARNING level3: No Parent attribute found @ for the feature: tig00000088	AGAT	exon	45523	45559	.	-	.	ID exon_cob_1 ; Name cob ; locus_tag cob
WARNING level3: No Parent attribute found @ for the feature: tig00000088	AGAT	exon	47491	47537	.	-	.	ID "agat-exon-3"  ; Name cob ; locus_tag cob
WARNING level3: No Parent attribute found @ for the feature: tig00000088	AGAT	exon	48152	48408	.	-	.	ID "agat-exon-4"  ; Name cob ; locus_tag cob
WARNING level3: No Parent attribute found  ************** Too much WARNING message we skip the next **************
68 warning messages: WARNING level2: No Parent attribute found 
84 warning messages: WARNING level3: No Parent attribute found 
                  ------ End parsing (done in 1 second) ------                  


                           ------ Start checks ------                           
---------------------------- Check1: feature types -----------------------------
----------------------------------- ontology -----------------------------------
All feature types in agreement with the Ontology.
------------------------------------- agat -------------------------------------
AGAT can deal with all the encountered feature types (3rd column)
------------------------------ done in 0 seconds -------------------------------

------------------------------ Check2: duplicates ------------------------------
None found
------------------------------ done in 0 seconds -------------------------------

-------------------------- Check3: sequential bucket ---------------------------
create single level3 exon feature	!
create single level3 exon feature	!
create single level3 exon feature	!
create single level3 exon feature	!
create single level3 exon feature	!
create single level3 exon feature	!
create single level3 exon feature	!
create single level3 exon feature	!
create single level3 exon feature	!
create single level3 exon feature	!
create single level3 exon feature	!
create single level3 exon feature	!
feature level2 created: tig00000088	AGAT	rRNA	127170	132900	.	+	.	ID "agat-rna-1"  ; Name rnl ; Parent "agat-gene-1"  ; agat_parent_type rRNA ; locus_tag rnl
create single level3 exon feature	!
feature level2 created: tig00000088	AGAT	rRNA	122544	123762	.	+	.	ID "agat-rna-2"  ; Name rns ; Parent "agat-gene-2"  ; agat_parent_type rRNA ; locus_tag rns
create single level3 exon feature	!
create single level3 exon feature	!
create single level3 exon feature	!
create single level3 exon feature	!
create single level3 exon feature	!
create single level3 exon feature	!
create single level3 exon feature	!
create single level3 exon feature	!
create single level3 exon feature	!
create single level3 exon feature	!
create single level3 exon feature	!
create single level3 exon feature	!
create single level3 exon feature	!
create single level3 exon feature	!
create single level3 exon feature	!
create single level3 exon feature	!
create single level3 exon feature	!
create single level3 exon feature	!
create single level3 exon feature	!
create single level3 exon feature	!
create single level3 exon feature	!
create single level3 exon feature	!
create single level3 exon feature	!
create single level3 exon feature	!
create single level3 exon feature	!
create single level3 exon feature	!
create single level3 exon feature	!
create single level3 exon feature	!
create single level3 exon feature	!
create single level3 exon feature	!
create single level3 exon feature	!
create single level3 exon feature	!
create single level3 exon feature	!
create single level3 exon feature	!
create single level3 exon feature	!
create single level3 exon feature	!
create single level3 exon feature	!
create single level3 exon feature	!
create single level3 exon feature	!
create single level3 exon feature	!
create single level3 exon feature	!
create single level3 exon feature	!
create single level3 exon feature	!
create single level3 exon feature	!
create single level3 exon feature	!
create single level3 exon feature	!
create single level3 exon feature	!
We found 128 level2 sequential cases.
------------------------------ done in 0 seconds -------------------------------

--------------------------- Check4: l2 linked to l3 ----------------------------
No problem found
------------------------------ done in 0 seconds -------------------------------

--------------------------- Check5: l1 linked to l2 ----------------------------

--------------------- WARNING ---------------------
MSG: Removing score value(s)
---------------------------------------------------

--------------------- WARNING ---------------------
MSG: Removing score value(s)
---------------------------------------------------
66 cases fixed where L2 features have parent features missing
------------------------------ done in 0 seconds -------------------------------

--------------------------- Check6: remove orphan l1 ---------------------------
We remove only those not supposed to be orphan
33 cases removed where L1 features do not have children (while they are suposed to have children).
------------------------------ done in 0 seconds -------------------------------

------------------------- Check7: all level3 locations -------------------------
------------------------------ done in 0 seconds -------------------------------

------------------------------ Check8: check cds -------------------------------
No problem found
------------------------------ done in 0 seconds -------------------------------

----------------------------- Check9: check exons ------------------------------
No exons created
No exons locations modified
No supernumerary exons removed
No level2 locations modified
------------------------------ done in 0 seconds -------------------------------

----------------------------- Check10: check utrs ------------------------------
No UTRs created
No UTRs locations modified
No supernumerary UTRs removed
------------------------------ done in 0 seconds -------------------------------

------------------------ Check11: all level2 locations -------------------------
No problem found
------------------------------ done in 0 seconds -------------------------------

------------------------ Check12: all level1 locations -------------------------
No problem found
------------------------------ done in 0 seconds -------------------------------

---------------------- Check13: remove identical isoforms ----------------------
None found
------------------------------ done in 0 seconds -------------------------------
                  ------ End checks (done in 0 second) ------                   


Formating output to GFF3
