
 ------------------------------------------------------------------------------
|   Another GFF Analysis Toolkit (AGAT) - Version: v1.5.1                      |
|   https://github.com/NBISweden/AGAT                                          |
|   National Bioinformatics Infrastructure Sweden (NBIS) - www.nbis.se         |
 ------------------------------------------------------------------------------
=> Using standard /usr/local/share/perl/5.34.0/auto/share/dist/AGAT/agat_config.yaml config file
                                        
                                       
                          ------ Start parsing ------                           
-------------------------- parse options and metadata --------------------------
=> Accessing the feature_levels YAML file
Using standard /usr/local/share/perl/5.34.0/auto/share/dist/AGAT/feature_levels.yaml file
=> Attribute used to group features when no Parent/ID relationship exists (i.e common tag):
	* locus_tag
	* gene_id
=> merge_loci option deactivated
=> Machine information:
	This script is being run by perl v5.34.0
	Bioperl location being used: /usr/local/share/perl/5.34.0/Bio/
	Operating system being used: linux 
=> Accessing Ontology
	No ontology accessible from the gff file header!
	We use the SOFA ontology distributed with AGAT:
		/usr/local/share/perl/5.34.0/auto/share/dist/AGAT/so.obo
	Read ontology /usr/local/share/perl/5.34.0/auto/share/dist/AGAT/so.obo:
		4 root terms, and 2596 total terms, and 1516 leaf terms
	Filtering ontology:
		We found 1861 terms that are sequence_feature or is_a child of it.
--------------------------------- parsing file ---------------------------------
WARNING level2: No Parent attribute found @ for the feature: Parsed1_mito	AGAT	mRNA	1	8415	.	-	.	ID mRNA_cox1 ; Name cox1 ; locus_tag cox1
WARNING level3: No Parent attribute found @ for the feature: Parsed1_mito	AGAT	exon	1	366	.	-	.	ID exon_cox1 ; Name cox1 ; locus_tag cox1
WARNING level3: No Parent attribute found @ for the feature: Parsed1_mito	AGAT	exon	1558	1920	.	-	.	ID exon_cox1_1 ; Name cox1 ; locus_tag cox1
WARNING level3: No Parent attribute found @ for the feature: Parsed1_mito	AGAT	exon	3237	3394	.	-	.	ID "agat-exon-1"  ; Name cox1 ; locus_tag cox1
WARNING level3: No Parent attribute found @ for the feature: Parsed1_mito	AGAT	exon	5040	5220	.	-	.	ID "agat-exon-2"  ; Name cox1 ; locus_tag cox1
WARNING level3: No Parent attribute found @ for the feature: Parsed1_mito	AGAT	exon	6524	6665	.	-	.	ID "agat-exon-3"  ; Name cox1 ; locus_tag cox1
WARNING level3: No Parent attribute found @ for the feature: Parsed1_mito	AGAT	exon	8021	8415	.	-	.	ID "agat-exon-4"  ; Name cox1 ; locus_tag cox1
WARNING level3: No Parent attribute found @ for the feature: Parsed1_mito	AGAT	intron	367	1557	.	-	.	ID intron_cox1 ; Name cox1 ; locus_tag cox1
WARNING level3: No Parent attribute found @ for the feature: Parsed1_mito	AGAT	intron	1921	3236	.	-	.	ID intron_cox1_1 ; Name cox1 ; locus_tag cox1
WARNING level3: No Parent attribute found @ for the feature: Parsed1_mito	AGAT	intron	3395	5039	.	-	.	ID "agat-intron-1"  ; Name cox1 ; locus_tag cox1
WARNING level3: No Parent attribute found @ for the feature: Parsed1_mito	AGAT	intron	5221	6523	.	-	.	ID "agat-intron-2"  ; Name cox1 ; locus_tag cox1
WARNING level3: No Parent attribute found  ************** Too much WARNING message we skip the next **************
11 warning messages: WARNING level3: No Parent attribute found 
1 warning messages: WARNING level2: No Parent attribute found 
                  ------ End parsing (done in 2 second) ------                  


                           ------ Start checks ------                           
---------------------------- Check1: feature types -----------------------------
----------------------------------- ontology -----------------------------------
All feature types in agreement with the Ontology.
------------------------------------- agat -------------------------------------
AGAT can deal with all the encountered feature types (3rd column)
------------------------------ done in 0 seconds -------------------------------

------------------------------ Check2: duplicates ------------------------------
None found
------------------------------ done in 0 seconds -------------------------------

-------------------------- Check3: sequential bucket ---------------------------
We found 1 level2 sequential cases.
------------------------------ done in 0 seconds -------------------------------

--------------------------- Check4: l2 linked to l3 ----------------------------
No problem found
------------------------------ done in 0 seconds -------------------------------

--------------------------- Check5: l1 linked to l2 ----------------------------
1 cases fixed where L2 features have parent features missing
------------------------------ done in 0 seconds -------------------------------

--------------------------- Check6: remove orphan l1 ---------------------------
We remove only those not supposed to be orphan
None found
------------------------------ done in 0 seconds -------------------------------

------------------------- Check7: all level3 locations -------------------------
------------------------------ done in 0 seconds -------------------------------

------------------------------ Check8: check cds -------------------------------
No problem found
------------------------------ done in 0 seconds -------------------------------

----------------------------- Check9: check exons ------------------------------
No exons created
No exons locations modified
No supernumerary exons removed
No level2 locations modified
------------------------------ done in 0 seconds -------------------------------

----------------------------- Check10: check utrs ------------------------------
No UTRs created
No UTRs locations modified
No supernumerary UTRs removed
------------------------------ done in 0 seconds -------------------------------

------------------------ Check11: all level2 locations -------------------------
No problem found
------------------------------ done in 0 seconds -------------------------------

------------------------ Check12: all level1 locations -------------------------
No problem found
------------------------------ done in 0 seconds -------------------------------

---------------------- Check13: remove identical isoforms ----------------------
None found
------------------------------ done in 0 seconds -------------------------------
                  ------ End checks (done in 0 second) ------                   


Formating output to GFF3
