
 ------------------------------------------------------------------------------
|   Another GFF Analysis Toolkit (AGAT) - Version: v1.5.1                      |
|   https://github.com/NBISweden/AGAT                                          |
|   National Bioinformatics Infrastructure Sweden (NBIS) - www.nbis.se         |
 ------------------------------------------------------------------------------
=> Using standard /usr/local/share/perl/5.34.0/auto/share/dist/AGAT/agat_config.yaml config file
                                        
                                       
                          ------ Start parsing ------                           
-------------------------- parse options and metadata --------------------------
=> Accessing the feature_levels YAML file
Using standard /usr/local/share/perl/5.34.0/auto/share/dist/AGAT/feature_levels.yaml file
=> Attribute used to group features when no Parent/ID relationship exists (i.e common tag):
	* locus_tag
	* gene_id
=> merge_loci option deactivated
=> Machine information:
	This script is being run by perl v5.34.0
	Bioperl location being used: /usr/local/share/perl/5.34.0/Bio/
	Operating system being used: linux 
=> Accessing Ontology
	No ontology accessible from the gff file header!
	We use the SOFA ontology distributed with AGAT:
		/usr/local/share/perl/5.34.0/auto/share/dist/AGAT/so.obo
	Read ontology /usr/local/share/perl/5.34.0/auto/share/dist/AGAT/so.obo:
		4 root terms, and 2596 total terms, and 1516 leaf terms
	Filtering ontology:
		We found 1861 terms that are sequence_feature or is_a child of it.
--------------------------------- parsing file ---------------------------------
=> Number of line in file: 4
=> Number of comment lines: 0
=> Fasta included: No
=> Number of features lines: 4
=> Number of feature type (3rd column): 2
	* Level1: 0 => 
	* level2: 1 => transcript
	* level3: 1 => exon
	* unknown: 0 => 
=>Check because only level3 features:
 * Number of feature with Parent attribute:0
 * Number of feature with a common attribute:4
  => Some common attributes and some Parent attributes missing.
  /!\ For features where both are missing A single Level2 features (e.g. mRNA) and a single level1 (e.g. gene) will be created by AGAT, and all level3 feautres (e,g, CDS,exon) will be attached to them. This is probably not what you want...
  see B. 2.2 and 3. at https://agat.readthedocs.io/en/latest/agat_how_does_it_work.html 
  /!\ For features where the common attribute or the parent attribute is missing, it would be fine as long as you do not expect isoforms in your annotation (Eukaryote).  see B. 4. at https://agat.readthedocs.io/en/latest/agat_how_does_it_work.html 
  !! You might try to fix the issue by choosing a common tag attribute to use in order to group the features correctly (parameter locus_tag in agat config file agat_config.yaml (to access it type: agat config --expose)).
=> Version of the Bioperl GFF parser selected by AGAT: 2
                  ------ End parsing (done in 2 second) ------                  


                           ------ Start checks ------                           
---------------------------- Check1: feature types -----------------------------
----------------------------------- ontology -----------------------------------
All feature types in agreement with the Ontology.
------------------------------------- agat -------------------------------------
AGAT can deal with all the encountered feature types (3rd column)
------------------------------ done in 0 seconds -------------------------------

------------------------------ Check2: duplicates ------------------------------
None found
------------------------------ done in 0 seconds -------------------------------

-------------------------- Check3: sequential bucket ---------------------------
Nothing to check as sequential bucket!
------------------------------ done in 0 seconds -------------------------------

--------------------------- Check4: l2 linked to l3 ----------------------------
No problem found
------------------------------ done in 0 seconds -------------------------------

--------------------------- Check5: l1 linked to l2 ----------------------------
2 cases fixed where L2 features have parent features missing
------------------------------ done in 0 seconds -------------------------------

--------------------------- Check6: remove orphan l1 ---------------------------
We remove only those not supposed to be orphan
None found
------------------------------ done in 0 seconds -------------------------------

------------------------- Check7: all level3 locations -------------------------
------------------------------ done in 0 seconds -------------------------------

------------------------------ Check8: check cds -------------------------------
No problem found
------------------------------ done in 0 seconds -------------------------------

----------------------------- Check9: check exons ------------------------------
No exons created
No exons locations modified
No supernumerary exons removed
No level2 locations modified
------------------------------ done in 0 seconds -------------------------------

----------------------------- Check10: check utrs ------------------------------
No UTRs created
No UTRs locations modified
No supernumerary UTRs removed
------------------------------ done in 0 seconds -------------------------------

------------------------ Check11: all level2 locations -------------------------
No problem found
------------------------------ done in 0 seconds -------------------------------

------------------------ Check12: all level1 locations -------------------------
No problem found
------------------------------ done in 0 seconds -------------------------------

---------------------- Check13: remove identical isoforms ----------------------
None found
------------------------------ done in 0 seconds -------------------------------
                  ------ End checks (done in 0 second) ------                   


t/scripts_output/in/agat_sp_merge_annotations/test457_A.gff GFF3 file parsed
There is 2 exon
There is 2 gene
There is 2 transcript
                                        
                                       
                          ------ Start parsing ------                           
-------------------------- parse options and metadata --------------------------
=> Accessing the feature_levels YAML file
Using standard /usr/local/share/perl/5.34.0/auto/share/dist/AGAT/feature_levels.yaml file
=> Attribute used to group features when no Parent/ID relationship exists (i.e common tag):
	* locus_tag
	* gene_id
=> merge_loci option deactivated
=> Machine information:
	This script is being run by perl v5.34.0
	Bioperl location being used: /usr/local/share/perl/5.34.0/Bio/
	Operating system being used: linux 
=> Accessing Ontology
	No ontology accessible from the gff file header!
	We use the SOFA ontology distributed with AGAT:
		/usr/local/share/perl/5.34.0/auto/share/dist/AGAT/so.obo
	Read ontology /usr/local/share/perl/5.34.0/auto/share/dist/AGAT/so.obo:
		4 root terms, and 2596 total terms, and 1516 leaf terms
	Filtering ontology:
		We found 1861 terms that are sequence_feature or is_a child of it.
--------------------------------- parsing file ---------------------------------
=> Number of line in file: 2
=> Number of comment lines: 0
=> Fasta included: No
=> Number of features lines: 2
=> Number of feature type (3rd column): 2
	* Level1: 0 => 
	* level2: 1 => transcript
	* level3: 1 => exon
	* unknown: 0 => 
=>Check because only level3 features:
 * Number of feature with Parent attribute:0
 * Number of feature with a common attribute:2
  => Some common attributes and some Parent attributes missing.
  /!\ For features where both are missing A single Level2 features (e.g. mRNA) and a single level1 (e.g. gene) will be created by AGAT, and all level3 feautres (e,g, CDS,exon) will be attached to them. This is probably not what you want...
  see B. 2.2 and 3. at https://agat.readthedocs.io/en/latest/agat_how_does_it_work.html 
  /!\ For features where the common attribute or the parent attribute is missing, it would be fine as long as you do not expect isoforms in your annotation (Eukaryote).  see B. 4. at https://agat.readthedocs.io/en/latest/agat_how_does_it_work.html 
  !! You might try to fix the issue by choosing a common tag attribute to use in order to group the features correctly (parameter locus_tag in agat config file agat_config.yaml (to access it type: agat config --expose)).
=> Version of the Bioperl GFF parser selected by AGAT: 2
                  ------ End parsing (done in 2 second) ------                  


                           ------ Start checks ------                           
---------------------------- Check1: feature types -----------------------------
----------------------------------- ontology -----------------------------------
All feature types in agreement with the Ontology.
------------------------------------- agat -------------------------------------
AGAT can deal with all the encountered feature types (3rd column)
------------------------------ done in 0 seconds -------------------------------

------------------------------ Check2: duplicates ------------------------------
None found
------------------------------ done in 0 seconds -------------------------------

-------------------------- Check3: sequential bucket ---------------------------
Nothing to check as sequential bucket!
------------------------------ done in 0 seconds -------------------------------

--------------------------- Check4: l2 linked to l3 ----------------------------
No problem found
------------------------------ done in 0 seconds -------------------------------

--------------------------- Check5: l1 linked to l2 ----------------------------
1 cases fixed where L2 features have parent features missing
------------------------------ done in 0 seconds -------------------------------

--------------------------- Check6: remove orphan l1 ---------------------------
We remove only those not supposed to be orphan
None found
------------------------------ done in 0 seconds -------------------------------

------------------------- Check7: all level3 locations -------------------------
------------------------------ done in 0 seconds -------------------------------

------------------------------ Check8: check cds -------------------------------
No problem found
------------------------------ done in 0 seconds -------------------------------

----------------------------- Check9: check exons ------------------------------
No exons created
No exons locations modified
No supernumerary exons removed
No level2 locations modified
------------------------------ done in 0 seconds -------------------------------

----------------------------- Check10: check utrs ------------------------------
No UTRs created
No UTRs locations modified
No supernumerary UTRs removed
------------------------------ done in 0 seconds -------------------------------

------------------------ Check11: all level2 locations -------------------------
No problem found
------------------------------ done in 0 seconds -------------------------------

------------------------ Check12: all level1 locations -------------------------
No problem found
------------------------------ done in 0 seconds -------------------------------

---------------------- Check13: remove identical isoforms ----------------------
None found
------------------------------ done in 0 seconds -------------------------------
                  ------ End checks (done in 0 second) ------                   


t/scripts_output/in/agat_sp_merge_annotations/test457_B.gff GFF3 file parsed
There is 1 exon
There is 1 gene
There is 1 transcript

Total raw data of files together:
There is 3 exon
There is 3 gene
There is 3 transcript

Now merging overlaping loci, and removing identical isoforms:
2 overlapping cases found. For each case 2 loci have been merged within a single locus
Among overlapping cases, 2 identical features have been removed.

final result:
There is 3 exon
There is 1 gene
There is 3 transcript
Formating output to GFF3
