
 ------------------------------------------------------------------------------
|   Another GFF Analysis Toolkit (AGAT) - Version: v1.5.1                      |
|   https://github.com/NBISweden/AGAT                                          |
|   National Bioinformatics Infrastructure Sweden (NBIS) - www.nbis.se         |
 ------------------------------------------------------------------------------
=> Using standard /usr/local/share/perl/5.34.0/auto/share/dist/AGAT/agat_config.yaml config file
                                        
                                       
                          ------ Start parsing ------                           
-------------------------- parse options and metadata --------------------------
=> Accessing the feature_levels YAML file
Using standard /usr/local/share/perl/5.34.0/auto/share/dist/AGAT/feature_levels.yaml file
=> Attribute used to group features when no Parent/ID relationship exists (i.e common tag):
	* locus_tag
	* gene_id
=> merge_loci option deactivated
=> Machine information:
	This script is being run by perl v5.34.0
	Bioperl location being used: /usr/local/share/perl/5.34.0/Bio/
	Operating system being used: linux 
=> Accessing Ontology
	No ontology accessible from the gff file header!
	We use the SOFA ontology distributed with AGAT:
		/usr/local/share/perl/5.34.0/auto/share/dist/AGAT/so.obo
	Read ontology /usr/local/share/perl/5.34.0/auto/share/dist/AGAT/so.obo:
		4 root terms, and 2596 total terms, and 1516 leaf terms
	Filtering ontology:
		We found 1861 terms that are sequence_feature or is_a child of it.
--------------------------------- parsing file ---------------------------------
=> Number of line in file: 32
=> Number of comment lines: 3
=> Fasta included: No
=> Number of features lines: 29
=> Number of feature type (3rd column): 2
	* Level1: 0 => 
	* level2: 1 => transcript
	* level3: 1 => exon
	* unknown: 0 => 
=>Check because only level3 features:
 * Number of feature with Parent attribute:23
 * Number of feature with a common attribute:0
  => Some common attributes and some Parent attributes missing.
  /!\ For features where both are missing A single Level2 features (e.g. mRNA) and a single level1 (e.g. gene) will be created by AGAT, and all level3 feautres (e,g, CDS,exon) will be attached to them. This is probably not what you want...
  see B. 2.2 and 3. at https://agat.readthedocs.io/en/latest/agat_how_does_it_work.html 
  /!\ For features where the common attribute or the parent attribute is missing, it would be fine as long as you do not expect isoforms in your annotation (Eukaryote).  see B. 4. at https://agat.readthedocs.io/en/latest/agat_how_does_it_work.html 
  !! You might try to fix the issue by choosing a common tag attribute to use in order to group the features correctly (parameter locus_tag in agat config file agat_config.yaml (to access it type: agat config --expose)).
=> Version of the Bioperl GFF parser selected by AGAT: 3
WARNING level2: No Parent attribute found @ for the feature: scaffold1	StringTie	transcript	2551	2965	1000.00	.	.	ID "MSTRG.1.1"  ; geneID "MSTRG.1" 
WARNING gff3 reader: Hmmm, be aware that your feature doesn't contain any Parent and locus tag. No worries, we will handle it by considering it as strictly sequential. If you disagree, please provide an ID or a comon tag by locus. @ the feature is:
scaffold1	StringTie	transcript	2551	2965	1000.00	.	.	ID "MSTRG.1.1"  ; geneID "MSTRG.1" 

--------------------- WARNING ---------------------
MSG: Removing score value(s)
---------------------------------------------------
WARNING level2: No Parent attribute found @ for the feature: scaffold1	StringTie	transcript	8147	13353	1000.00	-	.	ID "MSTRG.6.1"  ; geneID "MSTRG.6" 
WARNING gff3 reader: Hmmm, be aware that your feature doesn't contain any Parent and locus tag. No worries, we will handle it by considering it as strictly sequential. If you disagree, please provide an ID or a comon tag by locus. @ the feature is:
scaffold1	StringTie	transcript	8147	13353	1000.00	-	.	ID "MSTRG.6.1"  ; geneID "MSTRG.6" 

--------------------- WARNING ---------------------
MSG: Removing score value(s)
---------------------------------------------------
WARNING level2: No Parent attribute found @ for the feature: scaffold1	StringTie	transcript	21499	23178	1000.00	.	.	ID "MSTRG.7.1"  ; geneID "MSTRG.7" 
WARNING gff3 reader: Hmmm, be aware that your feature doesn't contain any Parent and locus tag. No worries, we will handle it by considering it as strictly sequential. If you disagree, please provide an ID or a comon tag by locus. @ the feature is:
scaffold1	StringTie	transcript	21499	23178	1000.00	.	.	ID "MSTRG.7.1"  ; geneID "MSTRG.7" 

--------------------- WARNING ---------------------
MSG: Removing score value(s)
---------------------------------------------------
WARNING level2: No Parent attribute found @ for the feature: scaffold1	StringTie	transcript	44218	47964	1000.00	-	.	ID "MSTRG.11.1"  ; geneID "MSTRG.11" 
WARNING gff3 reader: Hmmm, be aware that your feature doesn't contain any Parent and locus tag. No worries, we will handle it by considering it as strictly sequential. If you disagree, please provide an ID or a comon tag by locus. @ the feature is:
scaffold1	StringTie	transcript	44218	47964	1000.00	-	.	ID "MSTRG.11.1"  ; geneID "MSTRG.11" 

--------------------- WARNING ---------------------
MSG: Removing score value(s)
---------------------------------------------------
WARNING level2: No Parent attribute found @ for the feature: scaffold1	StringTie	transcript	44218	47964	1000.00	-	.	ID "MSTRG.11.2"  ; geneID "MSTRG.11" 
WARNING gff3 reader: Hmmm, be aware that your feature doesn't contain any Parent and locus tag. No worries, we will handle it by considering it as strictly sequential. If you disagree, please provide an ID or a comon tag by locus. @ the feature is:
scaffold1	StringTie	transcript	44218	47964	1000.00	-	.	ID "MSTRG.11.2"  ; geneID "MSTRG.11" 

--------------------- WARNING ---------------------
MSG: Removing score value(s)
---------------------------------------------------
WARNING level2: No Parent attribute found @ for the feature: scaffold1	StringTie	transcript	44427	47958	1000.00	-	.	ID "MSTRG.11.3"  ; geneID "MSTRG.11" 
WARNING gff3 reader: Hmmm, be aware that your feature doesn't contain any Parent and locus tag. No worries, we will handle it by considering it as strictly sequential. If you disagree, please provide an ID or a comon tag by locus. @ the feature is:
scaffold1	StringTie	transcript	44427	47958	1000.00	-	.	ID "MSTRG.11.3"  ; geneID "MSTRG.11" 

--------------------- WARNING ---------------------
MSG: Removing score value(s)
---------------------------------------------------
6 warning messages: WARNING gff3 reader: Hmmm, be aware that your feature doesn't contain any Parent and locus tag. No worries, we will handle it by considering it as strictly sequential. If you disagree, please provide an ID or a comon tag by locus. 
6 warning messages: WARNING level2: No Parent attribute found 
6 warning messages: 
--------------------- WARNING ---------------------
MSG: Removing score value(s)
---------------------------------------------------

                  ------ End parsing (done in 2 second) ------                  


                           ------ Start checks ------                           
---------------------------- Check1: feature types -----------------------------
----------------------------------- ontology -----------------------------------
All feature types in agreement with the Ontology.
------------------------------------- agat -------------------------------------
AGAT can deal with all the encountered feature types (3rd column)
------------------------------ done in 0 seconds -------------------------------

------------------------------ Check2: duplicates ------------------------------
None found
------------------------------ done in 0 seconds -------------------------------

-------------------------- Check3: sequential bucket ---------------------------
Nothing to check as sequential bucket!
------------------------------ done in 0 seconds -------------------------------

--------------------------- Check4: l2 linked to l3 ----------------------------
No problem found
------------------------------ done in 0 seconds -------------------------------

--------------------------- Check5: l1 linked to l2 ----------------------------

--------------------- WARNING ---------------------
MSG: Removing score value(s)
---------------------------------------------------

--------------------- WARNING ---------------------
MSG: Removing score value(s)
---------------------------------------------------

--------------------- WARNING ---------------------
MSG: Removing score value(s)
---------------------------------------------------

--------------------- WARNING ---------------------
MSG: Removing score value(s)
---------------------------------------------------

--------------------- WARNING ---------------------
MSG: Removing score value(s)
---------------------------------------------------

--------------------- WARNING ---------------------
MSG: Removing score value(s)
---------------------------------------------------
6 cases fixed where L2 features have parent features missing
------------------------------ done in 0 seconds -------------------------------

--------------------------- Check6: remove orphan l1 ---------------------------
We remove only those not supposed to be orphan
None found
------------------------------ done in 0 seconds -------------------------------

------------------------- Check7: all level3 locations -------------------------
------------------------------ done in 0 seconds -------------------------------

------------------------------ Check8: check cds -------------------------------
No problem found
------------------------------ done in 0 seconds -------------------------------

----------------------------- Check9: check exons ------------------------------
No exons created
No exons locations modified
No supernumerary exons removed
No level2 locations modified
------------------------------ done in 0 seconds -------------------------------

----------------------------- Check10: check utrs ------------------------------
No UTRs created
No UTRs locations modified
No supernumerary UTRs removed
------------------------------ done in 0 seconds -------------------------------

------------------------ Check11: all level2 locations -------------------------
No problem found
------------------------------ done in 0 seconds -------------------------------

------------------------ Check12: all level1 locations -------------------------
No problem found
------------------------------ done in 0 seconds -------------------------------

---------------------- Check13: remove identical isoforms ----------------------
None found
------------------------------ done in 0 seconds -------------------------------
                  ------ End checks (done in 0 second) ------                   


/home/kim/dev/agat_reg_tests/_agat-fixtures-work/AGAT-upstream/t/gff/gff_syntax/in/25_test.gff GFF3 file parsed
There is 6 gene
There is 23 exon
There is 6 transcript
                                        
                                       
                          ------ Start parsing ------                           
-------------------------- parse options and metadata --------------------------
=> Accessing the feature_levels YAML file
Using standard /usr/local/share/perl/5.34.0/auto/share/dist/AGAT/feature_levels.yaml file
=> Attribute used to group features when no Parent/ID relationship exists (i.e common tag):
	* locus_tag
	* gene_id
=> merge_loci option deactivated
=> Machine information:
	This script is being run by perl v5.34.0
	Bioperl location being used: /usr/local/share/perl/5.34.0/Bio/
	Operating system being used: linux 
=> Accessing Ontology
	No ontology accessible from the gff file header!
	We use the SOFA ontology distributed with AGAT:
		/usr/local/share/perl/5.34.0/auto/share/dist/AGAT/so.obo
	Read ontology /usr/local/share/perl/5.34.0/auto/share/dist/AGAT/so.obo:
		4 root terms, and 2596 total terms, and 1516 leaf terms
	Filtering ontology:
		We found 1861 terms that are sequence_feature or is_a child of it.
--------------------------------- parsing file ---------------------------------
=> Number of line in file: 20
=> Number of comment lines: 4
=> Fasta included: No
=> Number of features lines: 16
=> Number of feature type (3rd column): 6
	* Level1: 2 => gene source
	* level2: 0 => 
	* level3: 4 => CDS exon start_codon stop_codon
	* unknown: 0 => 
=>Check because only level3 features:
 * Number of feature with Parent attribute:14
 * Number of feature with a common attribute:15
  => Some common attributes and some Parent attributes missing.
  /!\ For features where both are missing A single Level2 features (e.g. mRNA) and a single level1 (e.g. gene) will be created by AGAT, and all level3 feautres (e,g, CDS,exon) will be attached to them. This is probably not what you want...
  see B. 2.2 and 3. at https://agat.readthedocs.io/en/latest/agat_how_does_it_work.html 
  /!\ For features where the common attribute or the parent attribute is missing, it would be fine as long as you do not expect isoforms in your annotation (Eukaryote).  see B. 4. at https://agat.readthedocs.io/en/latest/agat_how_does_it_work.html 
  !! You might try to fix the issue by choosing a common tag attribute to use in order to group the features correctly (parameter locus_tag in agat config file agat_config.yaml (to access it type: agat config --expose)).
=> Version of the Bioperl GFF parser selected by AGAT: 3
gff3 reader error level1: No ID attribute found @ for the feature: NC_003070.9	RefSeq	source	1	30427671	.	+	.	chromosome 1 ; db_xref "taxon:3702"  ; ecotype Columbia ; mol_type "genomic DNA"  ; organism "Arabidopsis thaliana" 
1 warning messages: gff3 reader error level1: No ID attribute found 
                  ------ End parsing (done in 2 second) ------                  


                           ------ Start checks ------                           
---------------------------- Check1: feature types -----------------------------
----------------------------------- ontology -----------------------------------
INFO - Feature types not expected by the GFF3 specification:
* source
The feature type (3rd column in GFF3) is constrained to be either a term from th
e Sequence Ontology or an SO accession number. The latter alternative is disting
uished using the syntax SO:000000. In either case, it must be sequence_feature (
SO:0000110) or an is_a child of it.To follow rigorously the gff3 format, please 
visit this website:
https://github.com/The-Sequence-Ontology/Specifications/blob/master/gff3.md
------------------------------------- agat -------------------------------------
AGAT can deal with all the encountered feature types (3rd column)
------------------------------ done in 0 seconds -------------------------------

------------------------------ Check2: duplicates ------------------------------
None found
------------------------------ done in 0 seconds -------------------------------

-------------------------- Check3: sequential bucket ---------------------------
None found
------------------------------ done in 0 seconds -------------------------------

--------------------------- Check4: l2 linked to l3 ----------------------------
L3 had a L1 feature but no L2 feature. Corrected by creating the intermediate L2 feature:
NC_003070.9	AGAT	mRNA	3631	5899	.	+	.	ID "NC_003070.9:NAC001"  ; Parent "agat-gene-1"  ; locus_tag AT1G01010
Using this feature template:
NC_003070.9	RefSeq	CDS	3760	3913	.	+	0	ID "agat-cds-1"  ; Parent "NC_003070.9:NAC001"  ; locus_tag AT1G01010
1 cases fixed where L3 features have parent feature(s) missing
------------------------------ done in 0 seconds -------------------------------

--------------------------- Check5: l1 linked to l2 ----------------------------
No problem found
------------------------------ done in 0 seconds -------------------------------

--------------------------- Check6: remove orphan l1 ---------------------------
We remove only those not supposed to be orphan
None found
------------------------------ done in 0 seconds -------------------------------

------------------------- Check7: all level3 locations -------------------------
------------------------------ done in 0 seconds -------------------------------

------------------------------ Check8: check cds -------------------------------
1 CDS extended to include the stop_codon
------------------------------ done in 0 seconds -------------------------------

----------------------------- Check9: check exons ------------------------------
No exons created
No exons locations modified
No supernumerary exons removed
No level2 locations modified
------------------------------ done in 0 seconds -------------------------------

----------------------------- Check10: check utrs ------------------------------
2 UTRs created that were missing
No UTRs locations modified
No supernumerary UTRs removed
------------------------------ done in 0 seconds -------------------------------

------------------------ Check11: all level2 locations -------------------------
No problem found
------------------------------ done in 0 seconds -------------------------------

------------------------ Check12: all level1 locations -------------------------
No problem found
------------------------------ done in 0 seconds -------------------------------

---------------------- Check13: remove identical isoforms ----------------------
None found
------------------------------ done in 0 seconds -------------------------------
                  ------ End checks (done in 0 second) ------                   


/home/kim/dev/agat_reg_tests/_agat-fixtures-work/AGAT-upstream/t/gff/gff_syntax/in/9_test.gff GFF3 file parsed
There is 1 start_codon
There is 1 mrna
There is 6 exon
There is 1 five_prime_utr
There is 1 stop_codon
There is 1 gene
There is 1 source
There is 1 three_prime_utr
There is 6 cds
we renamed 1 cases

/home/kim/dev/agat_reg_tests/_agat-fixtures-work/AGAT-upstream/t/gff/gff_syntax/in/9_test.gff IDs checked and fixed.

Complement done !
We added 1 gene(s)
We added 1 mrna(s)

Now the data contains:
There is 29 exon
There is 1 five_prime_utr
There is 7 gene
There is 1 stop_codon
There is 1 start_codon
There is 1 mrna
There is 6 cds
There is 1 three_prime_utr
There is 6 transcript
Formating output to GFF3
usage: /home/kim/dev/agat_reg_tests/_agat-fixtures-work/AGAT-upstream/bin/agat_sp_complement_annotations.pl --ref /home/kim/dev/agat_reg_tests/_agat-fixtures-work/AGAT-upstream/t/gff/gff_syntax/in/25_test.gff --add /home/kim/dev/agat_reg_tests/_agat-fixtures-work/AGAT-upstream/t/gff/gff_syntax/in/9_test.gff -o /home/kim/dev/agat_reg_tests/_agat-fixtures-work/AGAT-upstream/tmp/t_agat_sp_complement_annotations_t/default_3/tmp.gff
Job done in 4 seconds
