
 ------------------------------------------------------------------------------
|   Another GFF Analysis Toolkit (AGAT) - Version: v1.5.1                      |
|   https://github.com/NBISweden/AGAT                                          |
|   National Bioinformatics Infrastructure Sweden (NBIS) - www.nbis.se         |
 ------------------------------------------------------------------------------
=> Using standard /usr/local/share/perl/5.34.0/auto/share/dist/AGAT/agat_config.yaml config file
Reading file /home/kim/dev/agat_reg_tests/_agat-fixtures-work/AGAT-upstream/t/scripts_output/in/function.gff
                                        
                                       
                          ------ Start parsing ------                           
-------------------------- parse options and metadata --------------------------
=> Accessing the feature_levels YAML file
Using standard /usr/local/share/perl/5.34.0/auto/share/dist/AGAT/feature_levels.yaml file
=> Attribute used to group features when no Parent/ID relationship exists (i.e common tag):
	* locus_tag
	* gene_id
=> merge_loci option deactivated
=> Machine information:
	This script is being run by perl v5.34.0
	Bioperl location being used: /usr/local/share/perl/5.34.0/Bio/
	Operating system being used: linux 
=> Accessing Ontology
	No ontology accessible from the gff file header!
	We use the SOFA ontology distributed with AGAT:
		/usr/local/share/perl/5.34.0/auto/share/dist/AGAT/so.obo
	Read ontology /usr/local/share/perl/5.34.0/auto/share/dist/AGAT/so.obo:
		4 root terms, and 2596 total terms, and 1516 leaf terms
	Filtering ontology:
		We found 1861 terms that are sequence_feature or is_a child of it.
--------------------------------- parsing file ---------------------------------
=> Number of line in file: 73
=> Number of comment lines: 12
=> Fasta included: No
=> Number of features lines: 61
=> Number of feature lines with 8 fields (while 9 expected): 1
=> Number of feature type (3rd column): 10
	* Level1: 4 => gene repeat_region chromosome ncRNA_gene
	* level2: 2 => tRNA mRNA
	* level3: 4 => CDS exon three_prime_UTR five_prime_UTR
	* unknown: 0 => 
=> Version of the Bioperl GFF parser selected by AGAT: 3
WARNING level3: No Parent attribute found @ for the feature: 1	Ensembl_Plants	exon	182074	182154	.	+	.	ID "agat-exon-1" 
WARNING gff3 reader: Hmmm, be aware that your feature doesn't contain any Parent and locus tag. No worries, we will handle it by considering it as strictly sequential. If you disagree, please provide an ID or a comon tag by locus. @ the feature is:
1	Ensembl_Plants	exon	182074	182154	.	+	.	ID "agat-exon-1" 
1 warning messages: WARNING gff3 reader: Hmmm, be aware that your feature doesn't contain any Parent and locus tag. No worries, we will handle it by considering it as strictly sequential. If you disagree, please provide an ID or a comon tag by locus. 
1 warning messages: WARNING level3: No Parent attribute found 
                  ------ End parsing (done in 2 second) ------                  


                           ------ Start checks ------                           
---------------------------- Check1: feature types -----------------------------
----------------------------------- ontology -----------------------------------
All feature types in agreement with the Ontology.
------------------------------------- agat -------------------------------------
AGAT can deal with all the encountered feature types (3rd column)
------------------------------ done in 0 seconds -------------------------------

------------------------------ Check2: duplicates ------------------------------
None found
------------------------------ done in 0 seconds -------------------------------

-------------------------- Check3: sequential bucket ---------------------------
We found 1 level3 sequential cases.
------------------------------ done in 0 seconds -------------------------------

--------------------------- Check4: l2 linked to l3 ----------------------------
No problem found
------------------------------ done in 0 seconds -------------------------------

--------------------------- Check5: l1 linked to l2 ----------------------------
No problem found
------------------------------ done in 0 seconds -------------------------------

--------------------------- Check6: remove orphan l1 ---------------------------
We remove only those not supposed to be orphan
None found
------------------------------ done in 0 seconds -------------------------------

------------------------- Check7: all level3 locations -------------------------
------------------------------ done in 0 seconds -------------------------------

------------------------------ Check8: check cds -------------------------------
No problem found
------------------------------ done in 0 seconds -------------------------------

----------------------------- Check9: check exons ------------------------------
No exons created
No exons locations modified
No supernumerary exons removed
No level2 locations modified
------------------------------ done in 0 seconds -------------------------------

----------------------------- Check10: check utrs ------------------------------
No UTRs created
No UTRs locations modified
No supernumerary UTRs removed
------------------------------ done in 0 seconds -------------------------------

------------------------ Check11: all level2 locations -------------------------
No problem found
------------------------------ done in 0 seconds -------------------------------

------------------------ Check12: all level1 locations -------------------------
No problem found
------------------------------ done in 0 seconds -------------------------------

---------------------- Check13: remove identical isoforms ----------------------
None found
------------------------------ done in 0 seconds -------------------------------
                  ------ End checks (done in 0 second) ------                   


Parsing Finished
Compute statistics
Result available in </home/kim/dev/agat_reg_tests/_agat-fixtures-work/AGAT-upstream/tmp/t_agat_sp_functional_statistics_t/default_3/tmp.gff>. Bye Bye.
