ARG  --gff /home/kim/dev/agat_reg_tests/_agat-fixtures-work/AGAT-upstream/t/scripts_output/in/1.gff -b -o /home/kim/dev/agat_reg_tests/_agat-fixtures-work/AGAT-upstream/tmp/t_agat_sp_manage_UTRs_t/default_3/tmp.gff

 ------------------------------------------------------------------------------
|   Another GFF Analysis Toolkit (AGAT) - Version: v1.5.1                      |
|   https://github.com/NBISweden/AGAT                                          |
|   National Bioinformatics Infrastructure Sweden (NBIS) - www.nbis.se         |
 ------------------------------------------------------------------------------
=> Using standard /usr/local/share/perl/5.34.0/auto/share/dist/AGAT/agat_config.yaml config file
08/26/2025 at 12h42m22s

usage: /home/kim/dev/agat_reg_tests/_agat-fixtures-work/AGAT-upstream/bin/agat_sp_manage_UTRs.pl --gff /home/kim/dev/agat_reg_tests/_agat-fixtures-work/AGAT-upstream/t/scripts_output/in/1.gff -b -o /home/kim/dev/agat_reg_tests/_agat-fixtures-work/AGAT-upstream/tmp/t_agat_sp_manage_UTRs_t/default_3/tmp.gff

Genes with more than 5 UTRs will be reported.
                                        
                                       
                          ------ Start parsing ------                           
-------------------------- parse options and metadata --------------------------
=> Accessing the feature_levels YAML file
Using standard /usr/local/share/perl/5.34.0/auto/share/dist/AGAT/feature_levels.yaml file
=> Attribute used to group features when no Parent/ID relationship exists (i.e common tag):
	* locus_tag
	* gene_id
=> merge_loci option deactivated
=> Machine information:
	This script is being run by perl v5.34.0
	Bioperl location being used: /usr/local/share/perl/5.34.0/Bio/
	Operating system being used: linux 
=> Accessing Ontology
	No ontology accessible from the gff file header!
	We use the SOFA ontology distributed with AGAT:
		/usr/local/share/perl/5.34.0/auto/share/dist/AGAT/so.obo
	Read ontology /usr/local/share/perl/5.34.0/auto/share/dist/AGAT/so.obo:
		4 root terms, and 2596 total terms, and 1516 leaf terms
	Filtering ontology:
		We found 1861 terms that are sequence_feature or is_a child of it.
--------------------------------- parsing file ---------------------------------
=> Number of line in file: 942
=> Number of comment lines: 61
=> Fasta included: No
=> Number of features lines: 881
=> Number of feature type (3rd column): 10
	* Level1: 4 => chromosome gene ncRNA_gene repeat_region
	* level2: 2 => mRNA tRNA
	* level3: 4 => CDS exon five_prime_UTR three_prime_UTR
	* unknown: 0 => 
=> Version of the Bioperl GFF parser selected by AGAT: 3
                  ------ End parsing (done in 2 second) ------                  


                           ------ Start checks ------                           
---------------------------- Check1: feature types -----------------------------
----------------------------------- ontology -----------------------------------
All feature types in agreement with the Ontology.
------------------------------------- agat -------------------------------------
AGAT can deal with all the encountered feature types (3rd column)
------------------------------ done in 0 seconds -------------------------------

------------------------------ Check2: duplicates ------------------------------
None found
------------------------------ done in 0 seconds -------------------------------

-------------------------- Check3: sequential bucket ---------------------------
None found
------------------------------ done in 0 seconds -------------------------------

--------------------------- Check4: l2 linked to l3 ----------------------------
No problem found
------------------------------ done in 0 seconds -------------------------------

--------------------------- Check5: l1 linked to l2 ----------------------------
No problem found
------------------------------ done in 0 seconds -------------------------------

--------------------------- Check6: remove orphan l1 ---------------------------
We remove only those not supposed to be orphan
None found
------------------------------ done in 0 seconds -------------------------------

------------------------- Check7: all level3 locations -------------------------
------------------------------ done in 0 seconds -------------------------------

------------------------------ Check8: check cds -------------------------------
No problem found
------------------------------ done in 0 seconds -------------------------------

----------------------------- Check9: check exons ------------------------------
No exons created
1 exons locations modified that were wrong
No supernumerary exons removed
No level2 locations modified
------------------------------ done in 0 seconds -------------------------------

----------------------------- Check10: check utrs ------------------------------
No UTRs created
No UTRs locations modified
No supernumerary UTRs removed
------------------------------ done in 0 seconds -------------------------------

------------------------ Check11: all level2 locations -------------------------
No problem found
------------------------------ done in 0 seconds -------------------------------

------------------------ Check12: all level1 locations -------------------------
No problem found
------------------------------ done in 0 seconds -------------------------------

---------------------- Check13: remove identical isoforms ----------------------
None found
------------------------------ done in 0 seconds -------------------------------
                  ------ End checks (done in 0 second) ------                   


Parsing Finished

Formating output to GFF3
Formating output to GFF3
There are 60 five_prime_utr
Among them 2 have over or equal 5 exons.
There are 61 three_prime_utr
Among them 0 have over or equal 5 exons.
There are 66 features that have UTRs (some at both sides some only at one extremity)
Among them 3 have over or equal UTR (5' and/or 3') exons.

According to the parameters 3 RNA discarded from 3 genes
63 RNA from 50 genes pass the filter (under the UTR Threshold).
0 genes have RNA isoform discarded (over the UTR Threshold).
