
 ------------------------------------------------------------------------------
|   Another GFF Analysis Toolkit (AGAT) - Version: v1.5.1                      |
|   https://github.com/NBISweden/AGAT                                          |
|   National Bioinformatics Infrastructure Sweden (NBIS) - www.nbis.se         |
 ------------------------------------------------------------------------------
=> Using standard /usr/local/share/perl/5.34.0/auto/share/dist/AGAT/agat_config.yaml config file
Codon table 1 in use. You can change it using the appropriate parameter.
                                        
                                       
                          ------ Start parsing ------                           
-------------------------- parse options and metadata --------------------------
=> Accessing the feature_levels YAML file
Using standard /usr/local/share/perl/5.34.0/auto/share/dist/AGAT/feature_levels.yaml file
=> Attribute used to group features when no Parent/ID relationship exists (i.e common tag):
	* locus_tag
	* gene_id
=> merge_loci option deactivated
=> Machine information:
	This script is being run by perl v5.34.0
	Bioperl location being used: /usr/local/share/perl/5.34.0/Bio/
	Operating system being used: linux 
=> Accessing Ontology
	No ontology accessible from the gff file header!
	We use the SOFA ontology distributed with AGAT:
		/usr/local/share/perl/5.34.0/auto/share/dist/AGAT/so.obo
	Read ontology /usr/local/share/perl/5.34.0/auto/share/dist/AGAT/so.obo:
		4 root terms, and 2596 total terms, and 1516 leaf terms
	Filtering ontology:
		We found 1861 terms that are sequence_feature or is_a child of it.
--------------------------------- parsing file ---------------------------------
=> Number of line in file: 942
=> Number of comment lines: 61
=> Fasta included: No
=> Number of features lines: 881
=> Number of feature type (3rd column): 10
	* Level1: 4 => chromosome gene ncRNA_gene repeat_region
	* level2: 2 => mRNA tRNA
	* level3: 4 => CDS exon five_prime_UTR three_prime_UTR
	* unknown: 0 => 
=> Version of the Bioperl GFF parser selected by AGAT: 3
                  ------ End parsing (done in 2 second) ------                  


                           ------ Start checks ------                           
---------------------------- Check1: feature types -----------------------------
----------------------------------- ontology -----------------------------------
All feature types in agreement with the Ontology.
------------------------------------- agat -------------------------------------
AGAT can deal with all the encountered feature types (3rd column)
------------------------------ done in 0 seconds -------------------------------

------------------------------ Check2: duplicates ------------------------------
None found
------------------------------ done in 0 seconds -------------------------------

-------------------------- Check3: sequential bucket ---------------------------
None found
------------------------------ done in 0 seconds -------------------------------

--------------------------- Check4: l2 linked to l3 ----------------------------
No problem found
------------------------------ done in 0 seconds -------------------------------

--------------------------- Check5: l1 linked to l2 ----------------------------
No problem found
------------------------------ done in 0 seconds -------------------------------

--------------------------- Check6: remove orphan l1 ---------------------------
We remove only those not supposed to be orphan
None found
------------------------------ done in 0 seconds -------------------------------

------------------------- Check7: all level3 locations -------------------------
------------------------------ done in 0 seconds -------------------------------

------------------------------ Check8: check cds -------------------------------
No problem found
------------------------------ done in 0 seconds -------------------------------

----------------------------- Check9: check exons ------------------------------
No exons created
1 exons locations modified that were wrong
No supernumerary exons removed
No level2 locations modified
------------------------------ done in 0 seconds -------------------------------

----------------------------- Check10: check utrs ------------------------------
No UTRs created
No UTRs locations modified
No supernumerary UTRs removed
------------------------------ done in 0 seconds -------------------------------

------------------------ Check11: all level2 locations -------------------------
No problem found
------------------------------ done in 0 seconds -------------------------------

------------------------ Check12: all level1 locations -------------------------
No problem found
------------------------------ done in 0 seconds -------------------------------

---------------------- Check13: remove identical isoforms ----------------------
None found
------------------------------ done in 0 seconds -------------------------------
                  ------ End checks (done in 0 second) ------                   


GFF3 file parsed
Fasta file parsed
print intact...
print modified...
Formating output to GFF3
print all with name of overlapping features resolved...
Formating output to GFF3
usage: /home/kim/dev/agat_reg_tests/_agat-fixtures-work/AGAT-upstream/bin/agat_sp_fix_longest_ORF.pl --gff /home/kim/dev/agat_reg_tests/_agat-fixtures-work/AGAT-upstream/t/scripts_output/in/1.gff --fasta /home/kim/dev/agat_reg_tests/_agat-fixtures-work/AGAT-upstream/t/scripts_output/in/1.fa -o /home/kim/dev/agat_reg_tests/_agat-fixtures-work/AGAT-upstream/tmp/t_agat_sp_fix_longest_ORF_t/default_3/tmp.gff
Codon table used:1
Results:
26 genes have been modified. These genes have  34 mRNA, and we fixed the ORF of 28 of them.
11 model1: Prediction contains the original prediction but is longer.
2 model2: Longer prediction found non-overlapping the original one.
4 model3: Longer prediction found overlapping the original one but doesn't contain it(frame different).
0 model4: The prediction is shorter due to the presence of stop codon in the original CDS.
11 model5: The prediction is shorter but the original CDS sequence has not premature stop codon
  The original CDS does not start by a start codon, it is probably incomplete or fragmented
  (The adjacent sequence of the start side might be NNNN or XXXX). 
  The prediction is probably shorter because it is forced here to use a start codon.
0 model6: The prediction is the same size (AA size) but the original CDS has premature stop codons while the prediction not.
  This is a particular case where a +1 or +2 bp shift at the beginning of the sequence
  gives a frame shift in the original sequence but they are removed within the new prediction. 

/!\ Remind: L and M are AA are possible start codons for standard codon table (table 1).
Particular case: If we have a triplet as WTG, AYG, RTG, RTR or ATK it will be seen as a possible start codon (but translated into X)
Bye Bye.
