
 ------------------------------------------------------------------------------
|   Another GFF Analysis Toolkit (AGAT) - Version: v1.5.1                      |
|   https://github.com/NBISweden/AGAT                                          |
|   National Bioinformatics Infrastructure Sweden (NBIS) - www.nbis.se         |
 ------------------------------------------------------------------------------
=> Using standard /usr/local/share/perl/5.34.0/auto/share/dist/AGAT/agat_config.yaml config file
                                        
                                       
                          ------ Start parsing ------                           
-------------------------- parse options and metadata --------------------------
=> Accessing the feature_levels YAML file
Using standard /usr/local/share/perl/5.34.0/auto/share/dist/AGAT/feature_levels.yaml file
=> Attribute used to group features when no Parent/ID relationship exists (i.e common tag):
	* locus_tag
	* gene_id
=> merge_loci option deactivated
=> Machine information:
	This script is being run by perl v5.34.0
	Bioperl location being used: /usr/local/share/perl/5.34.0/Bio/
	Operating system being used: linux 
=> Accessing Ontology
	No ontology accessible from the gff file header!
	We use the SOFA ontology distributed with AGAT:
		/usr/local/share/perl/5.34.0/auto/share/dist/AGAT/so.obo
	Read ontology /usr/local/share/perl/5.34.0/auto/share/dist/AGAT/so.obo:
		4 root terms, and 2596 total terms, and 1516 leaf terms
	Filtering ontology:
		We found 1861 terms that are sequence_feature or is_a child of it.
--------------------------------- parsing file ---------------------------------
=> Number of line in file: 62
=> Number of comment lines: 0
=> Fasta included: No
=> Number of features lines: 62
=> Number of feature type (3rd column): 5
	* Level1: 1 => gene
	* level2: 1 => mRNA
	* level3: 3 => CDS exon five_prime_UTR
	* unknown: 0 => 
=> Version of the Bioperl GFF parser selected by AGAT: 2
                  ------ End parsing (done in 2 second) ------                  


                           ------ Start checks ------                           
---------------------------- Check1: feature types -----------------------------
----------------------------------- ontology -----------------------------------
All feature types in agreement with the Ontology.
------------------------------------- agat -------------------------------------
AGAT can deal with all the encountered feature types (3rd column)
------------------------------ done in 0 seconds -------------------------------

------------------------------ Check2: duplicates ------------------------------
None found
------------------------------ done in 0 seconds -------------------------------

--------------------------- Check3: remove orphan l1 ---------------------------
We remove only those not supposed to be orphan
None found
------------------------------ done in 0 seconds -------------------------------
                  ------ End checks (done in 0 second) ------                   


                                        
                                       
                          ------ Start parsing ------                           
-------------------------- parse options and metadata --------------------------
=> Accessing the feature_levels YAML file
Using standard /usr/local/share/perl/5.34.0/auto/share/dist/AGAT/feature_levels.yaml file
=> Attribute used to group features when no Parent/ID relationship exists (i.e common tag):
	* locus_tag
	* gene_id
=> merge_loci option deactivated
=> Machine information:
	This script is being run by perl v5.34.0
	Bioperl location being used: /usr/local/share/perl/5.34.0/Bio/
	Operating system being used: linux 
=> Accessing Ontology
	No ontology accessible from the gff file header!
	We use the SOFA ontology distributed with AGAT:
		/usr/local/share/perl/5.34.0/auto/share/dist/AGAT/so.obo
	Read ontology /usr/local/share/perl/5.34.0/auto/share/dist/AGAT/so.obo:
		4 root terms, and 2596 total terms, and 1516 leaf terms
	Filtering ontology:
		We found 1861 terms that are sequence_feature or is_a child of it.
--------------------------------- parsing file ---------------------------------
                  ------ End parsing (done in 2 second) ------                  


                           ------ Start checks ------                           
---------------------------- Check1: feature types -----------------------------
----------------------------------- ontology -----------------------------------
All feature types in agreement with the Ontology.
------------------------------------- agat -------------------------------------
AGAT can deal with all the encountered feature types (3rd column)
------------------------------ done in 0 seconds -------------------------------

------------------------------ Check2: duplicates ------------------------------
None found
------------------------------ done in 0 seconds -------------------------------

-------------------------- Check3: sequential bucket ---------------------------
Nothing to check as sequential bucket!
------------------------------ done in 0 seconds -------------------------------

--------------------------- Check4: l2 linked to l3 ----------------------------
L1 and L2 created: 
scaffold_823	AGAT	gene	134394	142103	.	+	.	ID PP1S9_164V6 ; Kraken_mapped TRUE ; gene_id PP1S9_164V6 ; protein_id "PP1S9_164V6.1" 
scaffold_823	AGAT	mRNA	134394	142103	.	+	.	ID "transcript:PP1S9_164V6.1"  ; Kraken_mapped TRUE ; Parent PP1S9_164V6 ; gene_id PP1S9_164V6 ; protein_id "PP1S9_164V6.1"  ; transcript_id "PP1S9_164V6.1" 
L3 had a L1 feature but no L2 feature. Corrected by creating the intermediate L2 feature:
scaffold_823	AGAT	mRNA	105596	129298	.	+	.	ID "transcript:PP1S9_164V6.2"  ; Kraken_mapped TRUE ; Parent PP1S9_164V6 ; gene_id PP1S9_164V6 ; protein_id "PP1S9_164V6.2"  ; transcript_id "PP1S9_164V6.2" 
Using this feature template:
scaffold_823	jgi	CDS	105596	105903	.	+	.	ID "CDS:PP1S9_164V6.2"  ; Kraken_mapped TRUE ; Parent "transcript:PP1S9_164V6.2"  ; gene_id PP1S9_164V6 ; protein_id "PP1S9_164V6.2"  ; transcript_id "PP1S9_164V6.2" 
2 cases fixed where L3 features have parent feature(s) missing
------------------------------ done in 0 seconds -------------------------------

--------------------------- Check5: l1 linked to l2 ----------------------------
No problem found
------------------------------ done in 0 seconds -------------------------------

--------------------------- Check6: remove orphan l1 ---------------------------
We remove only those not supposed to be orphan
None found
------------------------------ done in 0 seconds -------------------------------

------------------------- Check7: all level2 locations -------------------------
No problem found
------------------------------ done in 0 seconds -------------------------------

------------------------- Check8: all level1 locations -------------------------
We fixed 1 wrong level1 location cases
------------------------------ done in 0 seconds -------------------------------
                  ------ End checks (done in 0 second) ------                   


Calcul of mapped percentage length finished !
Formating output to GFF3
We finished !! Bye Bye.
