
 ------------------------------------------------------------------------------
|   Another GFF Analysis Toolkit (AGAT) - Version: v1.5.1                      |
|   https://github.com/NBISweden/AGAT                                          |
|   National Bioinformatics Infrastructure Sweden (NBIS) - www.nbis.se         |
 ------------------------------------------------------------------------------
=> Using standard /usr/local/share/perl/5.34.0/auto/share/dist/AGAT/agat_config.yaml config file
Codon table 1 in use. You can change it using the appropriate parameter.
08/24/2025 at 20h33m48s

usage: /home/kim/dev/agat_reg_tests/_agat-fixtures-work/AGAT-upstream/bin/agat_sp_flag_premature_stop_codons.pl --gff /home/kim/dev/agat_reg_tests/_agat-fixtures-work/AGAT-upstream/t/scripts_output/in/prokka_fragmented_genes.gff --fasta /home/kim/dev/agat_reg_tests/_agat-fixtures-work/AGAT-upstream/t/scripts_output/in/prokka_cav_10DC88.fa -o /home/kim/dev/agat_reg_tests/_agat-fixtures-work/AGAT-upstream/tmp/t_agat_sp_flag_premature_stop_codons_t/default_3/tmp.gff

Reading /home/kim/dev/agat_reg_tests/_agat-fixtures-work/AGAT-upstream/t/scripts_output/in/prokka_fragmented_genes.gff
                                        
                                       
                          ------ Start parsing ------                           
-------------------------- parse options and metadata --------------------------
=> Accessing the feature_levels YAML file
Using standard /usr/local/share/perl/5.34.0/auto/share/dist/AGAT/feature_levels.yaml file
=> Attribute used to group features when no Parent/ID relationship exists (i.e common tag):
	* locus_tag
	* gene_id
=> merge_loci option deactivated
=> Machine information:
	This script is being run by perl v5.34.0
	Bioperl location being used: /usr/local/share/perl/5.34.0/Bio/
	Operating system being used: linux 
=> Accessing Ontology
	No ontology accessible from the gff file header!
	We use the SOFA ontology distributed with AGAT:
		/usr/local/share/perl/5.34.0/auto/share/dist/AGAT/so.obo
	Read ontology /usr/local/share/perl/5.34.0/auto/share/dist/AGAT/so.obo:
		4 root terms, and 2596 total terms, and 1516 leaf terms
	Filtering ontology:
		We found 1861 terms that are sequence_feature or is_a child of it.
--------------------------------- parsing file ---------------------------------
=> Number of line in file: 3884
=> Number of comment lines: 2
=> Fasta included: No
=> Number of features lines: 3882
=> Number of feature type (3rd column): 7
	* Level1: 1 => gene
	* level2: 4 => tRNA rRNA mRNA tmRNA
	* level3: 2 => CDS exon
	* unknown: 0 => 
=> Version of the Bioperl GFF parser selected by AGAT: 3
                  ------ End parsing (done in 3 second) ------                  


                           ------ Start checks ------                           
---------------------------- Check1: feature types -----------------------------
----------------------------------- ontology -----------------------------------
All feature types in agreement with the Ontology.
------------------------------------- agat -------------------------------------
AGAT can deal with all the encountered feature types (3rd column)
------------------------------ done in 0 seconds -------------------------------

------------------------------ Check2: duplicates ------------------------------
None found
------------------------------ done in 0 seconds -------------------------------

-------------------------- Check3: sequential bucket ---------------------------
None found
------------------------------ done in 0 seconds -------------------------------

--------------------------- Check4: l2 linked to l3 ----------------------------
No problem found
------------------------------ done in 0 seconds -------------------------------

--------------------------- Check5: l1 linked to l2 ----------------------------
No problem found
------------------------------ done in 0 seconds -------------------------------

--------------------------- Check6: remove orphan l1 ---------------------------
We remove only those not supposed to be orphan
None found
------------------------------ done in 0 seconds -------------------------------

------------------------- Check7: all level3 locations -------------------------
------------------------------ done in 0 seconds -------------------------------

------------------------------ Check8: check cds -------------------------------
No problem found
------------------------------ done in 0 seconds -------------------------------

----------------------------- Check9: check exons ------------------------------
No exons created
No exons locations modified
No supernumerary exons removed
No level2 locations modified
------------------------------ done in 0 seconds -------------------------------

----------------------------- Check10: check utrs ------------------------------
No UTRs created
No UTRs locations modified
No supernumerary UTRs removed
------------------------------ done in 0 seconds -------------------------------

------------------------ Check11: all level2 locations -------------------------
No problem found
------------------------------ done in 0 seconds -------------------------------

------------------------ Check12: all level1 locations -------------------------
No problem found
------------------------------ done in 0 seconds -------------------------------

---------------------- Check13: remove identical isoforms ----------------------
None found
------------------------------ done in 0 seconds -------------------------------
                  ------ End checks (done in 0 second) ------                   


Parsing Finished

Fasta file parsed
We flag the mrna nbisl2-cds-72 that contained 30 premature stop codons
We flag the mrna nbisl2-cds-74 that contained 54 premature stop codons
We flag the mrna nbisl2-cds-75 that contained 19 premature stop codons
We flag the mrna nbisl2-cds-76 that contained 23 premature stop codons
We flag the mrna nbisl2-cds-77 that contained 44 premature stop codons
We flag the mrna nbisl2-cds-78 that contained 26 premature stop codons
We flag the mrna nbisl2-cds-79 that contained 19 premature stop codons
We flag the mrna nbisl2-cds-80 that contained 4 premature stop codons
We flag the mrna nbisl2-cds-81 that contained 30 premature stop codons
We flag the mrna nbisl2-cds-82 that contained 28 premature stop codons
We flag the mrna nbisl2-cds-83 that contained 20 premature stop codons
We flag the mrna nbisl2-cds-84 that contained 13 premature stop codons
We flag the mrna nbisl2-cds-85 that contained 22 premature stop codons
We flag the mrna nbisl2-cds-86 that contained 16 premature stop codons
We flag the mrna nbisl2-cds-87 that contained 8 premature stop codons
We flag the mrna nbisl2-cds-88 that contained 34 premature stop codons
We flag the mrna nbisl2-cds-89 that contained 6 premature stop codons
We flag the mrna nbisl2-cds-90 that contained 44 premature stop codons
We flag the mrna nbisl2-cds-91 that contained 5 premature stop codons
We flag the mrna nbisl2-cds-92 that contained 12 premature stop codons
We flag the mrna nbisl2-cds-93 that contained 59 premature stop codons
We flag the mrna nbisl2-cds-94 that contained 18 premature stop codons
We flag the mrna nbisl2-cds-95 that contained 14 premature stop codons
We flag the mrna nbisl2-cds-96 that contained 15 premature stop codons
We flag the mrna nbisl2-cds-97 that contained 44 premature stop codons
We flag the mrna nbisl2-cds-98 that contained 22 premature stop codons
We flag the mrna nbisl2-cds-99 that contained 15 premature stop codons
We flag the mrna nbisl2-cds-100 that contained 44 premature stop codons
We flag the mrna nbisl2-cds-101 that contained 46 premature stop codons
We flag the mrna nbisl2-cds-102 that contained 39 premature stop codons
We flag the mrna nbisl2-cds-103 that contained 91 premature stop codons
We flag the mrna nbisl2-cds-104 that contained 71 premature stop codons
We flag the mrna nbisl2-cds-105 that contained 95 premature stop codons
We flag the mrna nbisl2-cds-106 that contained 98 premature stop codons
We flag the mrna nbisl2-cds-107 that contained 6 premature stop codons
We flag the mrna nbisl2-cds-108 that contained 12 premature stop codons
We flag the mrna nbisl2-cds-109 that contained 41 premature stop codons
We flag the mrna nbisl2-cds-110 that contained 44 premature stop codons
We flag the mrna nbisl2-cds-111 that contained 24 premature stop codons
We flag the mrna nbisl2-cds-112 that contained 6 premature stop codons
We flag the mrna nbisl2-cds-113 that contained 27 premature stop codons
We flag the mrna nbisl2-cds-114 that contained 14 premature stop codons
We flag the mrna nbisl2-cds-115 that contained 12 premature stop codons
We flag the mrna nbisl2-cds-116 that contained 48 premature stop codons
We flag the mrna nbisl2-cds-117 that contained 16 premature stop codons
We flag the mrna nbisl2-cds-118 that contained 22 premature stop codons
We flag the mrna nbisl2-cds-119 that contained 34 premature stop codons
We flag the mrna nbisl2-cds-120 that contained 11 premature stop codons
We flag the mrna nbisl2-cds-121 that contained 30 premature stop codons
We flag the mrna nbisl2-cds-122 that contained 18 premature stop codons
We flag the mrna nbisl2-cds-123 that contained 3 premature stop codons
We flag the mrna nbisl2-cds-124 that contained 57 premature stop codons
We flag the mrna nbisl2-cds-125 that contained 4 premature stop codons
We flag the mrna nbisl2-cds-126 that contained 6 premature stop codons
We flag the mrna nbisl2-cds-127 that contained 40 premature stop codons
We flag the mrna nbisl2-cds-128 that contained 16 premature stop codons
We flag the mrna nbisl2-cds-129 that contained 2 premature stop codons
We flag the mrna nbisl2-cds-130 that contained 52 premature stop codons
We flag the mrna nbisl2-cds-131 that contained 37 premature stop codons
We flag the mrna nbisl2-cds-132 that contained 17 premature stop codons
We flag the mrna nbisl2-cds-133 that contained 56 premature stop codons
We flag the mrna nbisl2-cds-134 that contained 26 premature stop codons
We flag the mrna nbisl2-cds-135 that contained 31 premature stop codons
We flag the mrna nbisl2-cds-136 that contained 12 premature stop codons
We flag the mrna nbisl2-cds-137 that contained 66 premature stop codons
We flag the mrna nbisl2-cds-138 that contained 12 premature stop codons
We flag the mrna nbisl2-cds-139 that contained 5 premature stop codons
We flag the mrna nbisl2-cds-140 that contained 19 premature stop codons
We flag the mrna nbisl2-cds-141 that contained 42 premature stop codons
We flag the mrna nbisl2-cds-142 that contained 17 premature stop codons
We flag the mrna nbisl2-cds-143 that contained 17 premature stop codons
We flag the mrna nbisl2-cds-144 that contained 17 premature stop codons
We flag the mrna nbisl2-cds-145 that contained 11 premature stop codons
We flag the mrna nbisl2-cds-146 that contained 50 premature stop codons
We flag the mrna nbisl2-cds-147 that contained 8 premature stop codons
We flag the mrna nbisl2-cds-148 that contained 33 premature stop codons
We flag the mrna nbisl2-cds-149 that contained 17 premature stop codons
We flag the mrna nbisl2-cds-150 that contained 25 premature stop codons
We flag the mrna nbisl2-cds-151 that contained 20 premature stop codons
We flag the mrna nbisl2-cds-152 that contained 13 premature stop codons
We flag the mrna nbisl2-cds-153 that contained 46 premature stop codons
We flag the mrna nbisl2-cds-154 that contained 16 premature stop codons
We flag the mrna nbisl2-cds-155 that contained 20 premature stop codons
We flag the mrna nbisl2-cds-156 that contained 10 premature stop codons
We flag the mrna nbisl2-cds-157 that contained 10 premature stop codons
We flag the mrna nbisl2-cds-158 that contained 19 premature stop codons
We flag the mrna nbisl2-cds-159 that contained 25 premature stop codons
We flag the mrna nbisl2-cds-160 that contained 50 premature stop codons
We flag the mrna nbisl2-cds-161 that contained 13 premature stop codons
We flag the mrna nbisl2-cds-162 that contained 11 premature stop codons
We flag the mrna nbisl2-cds-163 that contained 25 premature stop codons
We flag the mrna nbisl2-cds-164 that contained 90 premature stop codons
We flag the mrna nbisl2-cds-165 that contained 17 premature stop codons
We flag the mrna nbisl2-cds-166 that contained 35 premature stop codons
We flag the mrna nbisl2-cds-167 that contained 43 premature stop codons
We flag the mrna nbisl2-cds-168 that contained 12 premature stop codons
We flag the mrna nbisl2-cds-169 that contained 17 premature stop codons
We flag the mrna nbisl2-cds-170 that contained 11 premature stop codons
We flag the mrna nbisl2-cds-171 that contained 7 premature stop codons
We flag the mrna nbisl2-cds-172 that contained 12 premature stop codons
We flag the mrna nbisl2-cds-173 that contained 17 premature stop codons
We flag the mrna nbisl2-cds-174 that contained 26 premature stop codons
We flag the mrna nbisl2-cds-175 that contained 12 premature stop codons
We flag the mrna nbisl2-cds-176 that contained 15 premature stop codons
We flag the mrna nbisl2-cds-177 that contained 42 premature stop codons
We flag the mrna nbisl2-cds-178 that contained 15 premature stop codons
We flag the mrna nbisl2-cds-179 that contained 12 premature stop codons
We flag the mrna nbisl2-cds-180 that contained 21 premature stop codons
We flag the mrna nbisl2-cds-181 that contained 8 premature stop codons
We flag the mrna nbisl2-cds-182 that contained 41 premature stop codons
We flag the mrna nbisl2-cds-183 that contained 41 premature stop codons
We flag the mrna nbisl2-cds-184 that contained 15 premature stop codons
We flag the mrna nbisl2-cds-185 that contained 10 premature stop codons
We flag the mrna nbisl2-cds-186 that contained 29 premature stop codons
We flag the mrna nbisl2-cds-187 that contained 17 premature stop codons
We flag the mrna nbisl2-cds-188 that contained 36 premature stop codons
We flag the mrna nbisl2-cds-189 that contained 19 premature stop codons
We flag the mrna nbisl2-cds-190 that contained 22 premature stop codons
We flag the mrna nbisl2-cds-191 that contained 17 premature stop codons
We flag the mrna nbisl2-cds-192 that contained 20 premature stop codons
We flag the mrna nbisl2-cds-193 that contained 13 premature stop codons
We flag the mrna nbisl2-cds-194 that contained 14 premature stop codons
We flag the mrna nbisl2-cds-195 that contained 18 premature stop codons
We flag the mrna nbisl2-cds-196 that contained 25 premature stop codons
We flag the mrna nbisl2-cds-197 that contained 17 premature stop codons
We flag the mrna nbisl2-cds-198 that contained 30 premature stop codons
We flag the mrna nbisl2-cds-199 that contained 5 premature stop codons
We flag the mrna nbisl2-cds-200 that contained 6 premature stop codons
We flag the mrna nbisl2-cds-201 that contained 24 premature stop codons
We flag the mrna nbisl2-cds-203 that contained 6 premature stop codons
We flag the mrna nbisl2-cds-204 that contained 7 premature stop codons
We flag the mrna nbisl2-cds-205 that contained 25 premature stop codons
We flag the mrna nbisl2-cds-206 that contained 1 premature stop codons
We flag the mrna nbisl2-cds-207 that contained 33 premature stop codons
We flag the mrna nbisl2-cds-208 that contained 15 premature stop codons
We flag the mrna nbisl2-cds-209 that contained 10 premature stop codons
We flag the mrna nbisl2-cds-210 that contained 34 premature stop codons
We flag the mrna nbisl2-cds-211 that contained 7 premature stop codons
We flag the mrna nbisl2-cds-212 that contained 24 premature stop codons
We flag the mrna nbisl2-cds-213 that contained 31 premature stop codons
We flag the mrna nbisl2-cds-214 that contained 25 premature stop codons
We flag the mrna nbisl2-cds-215 that contained 58 premature stop codons
We flag the mrna nbisl2-cds-216 that contained 9 premature stop codons
We flag the mrna nbisl2-cds-218 that contained 17 premature stop codons
We flag the mrna nbisl2-cds-219 that contained 42 premature stop codons
We flag the mrna nbisl2-cds-220 that contained 4 premature stop codons
We flag the mrna nbisl2-cds-221 that contained 25 premature stop codons
We flag the mrna nbisl2-cds-222 that contained 31 premature stop codons
We flag the mrna nbisl2-cds-223 that contained 40 premature stop codons
We flag the mrna nbisl2-cds-224 that contained 26 premature stop codons
We flag the mrna nbisl2-cds-225 that contained 19 premature stop codons
We flag the mrna nbisl2-cds-226 that contained 59 premature stop codons
We flag the mrna nbisl2-cds-227 that contained 33 premature stop codons
We flag the mrna nbisl2-cds-228 that contained 24 premature stop codons
We flag the mrna nbisl2-cds-229 that contained 17 premature stop codons
We flag the mrna nbisl2-cds-230 that contained 27 premature stop codons
We flag the mrna nbisl2-cds-231 that contained 24 premature stop codons
We flag the mrna nbisl2-cds-232 that contained 19 premature stop codons
We flag the mrna nbisl2-cds-233 that contained 12 premature stop codons
We flag the mrna nbisl2-cds-234 that contained 15 premature stop codons
We flag the mrna nbisl2-cds-235 that contained 35 premature stop codons
We flag the mrna nbisl2-cds-236 that contained 21 premature stop codons
We flag the mrna nbisl2-cds-237 that contained 4 premature stop codons
We flag the mrna nbisl2-cds-238 that contained 24 premature stop codons
We flag the mrna nbisl2-cds-239 that contained 38 premature stop codons
We flag the mrna nbisl2-cds-240 that contained 68 premature stop codons
We flag the mrna nbisl2-cds-241 that contained 29 premature stop codons
We flag the mrna nbisl2-cds-242 that contained 11 premature stop codons
We flag the mrna nbisl2-cds-243 that contained 29 premature stop codons
We flag the mrna nbisl2-cds-244 that contained 22 premature stop codons
We flag the mrna nbisl2-cds-245 that contained 31 premature stop codons
We flag the mrna nbisl2-cds-246 that contained 35 premature stop codons
We flag the mrna nbisl2-cds-247 that contained 39 premature stop codons
We flag the mrna nbisl2-cds-248 that contained 6 premature stop codons
We flag the mrna nbisl2-cds-249 that contained 5 premature stop codons
We flag the mrna nbisl2-cds-250 that contained 41 premature stop codons
We flag the mrna nbisl2-cds-251 that contained 23 premature stop codons
We flag the mrna nbisl2-cds-252 that contained 32 premature stop codons
We flag the mrna nbisl2-cds-253 that contained 19 premature stop codons
We flag the mrna nbisl2-cds-254 that contained 5 premature stop codons
We flag the mrna nbisl2-cds-255 that contained 9 premature stop codons
We flag the mrna nbisl2-cds-256 that contained 19 premature stop codons
We flag the mrna nbisl2-cds-257 that contained 6 premature stop codons
We flag the mrna nbisl2-cds-258 that contained 7 premature stop codons
We flag the mrna nbisl2-cds-259 that contained 7 premature stop codons
We flag the mrna nbisl2-cds-260 that contained 32 premature stop codons
We flag the mrna nbisl2-cds-261 that contained 7 premature stop codons
We flag the mrna nbisl2-cds-262 that contained 31 premature stop codons
We flag the mrna nbisl2-cds-263 that contained 34 premature stop codons
We flag the mrna nbisl2-cds-264 that contained 9 premature stop codons
We flag the mrna nbisl2-cds-265 that contained 53 premature stop codons
We flag the mrna nbisl2-cds-266 that contained 13 premature stop codons
We flag the mrna nbisl2-cds-267 that contained 30 premature stop codons
We flag the mrna nbisl2-cds-268 that contained 60 premature stop codons
We flag the mrna nbisl2-cds-269 that contained 39 premature stop codons
We flag the mrna nbisl2-cds-270 that contained 28 premature stop codons
We flag the mrna nbisl2-cds-271 that contained 25 premature stop codons
We flag the mrna nbisl2-cds-272 that contained 22 premature stop codons
We flag the mrna nbisl2-cds-273 that contained 11 premature stop codons
We flag the mrna nbisl2-cds-274 that contained 91 premature stop codons
We flag the mrna nbisl2-cds-275 that contained 50 premature stop codons
We flag the mrna nbisl2-cds-276 that contained 83 premature stop codons
We flag the mrna nbisl2-cds-277 that contained 17 premature stop codons
We flag the mrna nbisl2-cds-278 that contained 6 premature stop codons
We flag the mrna nbisl2-cds-279 that contained 7 premature stop codons
We flag the mrna nbisl2-cds-280 that contained 21 premature stop codons
We flag the mrna nbisl2-cds-281 that contained 62 premature stop codons
We flag the mrna nbisl2-cds-282 that contained 34 premature stop codons
We flag the mrna nbisl2-cds-283 that contained 9 premature stop codons
We flag the mrna nbisl2-cds-284 that contained 70 premature stop codons
We flag the mrna nbisl2-cds-285 that contained 29 premature stop codons
We flag the mrna nbisl2-cds-286 that contained 27 premature stop codons
We flag the mrna nbisl2-cds-287 that contained 18 premature stop codons
We flag the mrna nbisl2-cds-288 that contained 36 premature stop codons
We flag the mrna nbisl2-cds-289 that contained 21 premature stop codons
We flag the mrna nbisl2-cds-290 that contained 21 premature stop codons
We flag the mrna nbisl2-cds-291 that contained 93 premature stop codons
We flag the mrna nbisl2-cds-292 that contained 10 premature stop codons
We flag the mrna nbisl2-cds-293 that contained 31 premature stop codons
We flag the mrna nbisl2-cds-294 that contained 32 premature stop codons
We flag the mrna nbisl2-cds-295 that contained 25 premature stop codons
We flag the mrna nbisl2-cds-296 that contained 12 premature stop codons
We flag the mrna nbisl2-cds-297 that contained 13 premature stop codons
We flag the mrna nbisl2-cds-298 that contained 16 premature stop codons
We flag the mrna nbisl2-cds-299 that contained 51 premature stop codons
We flag the mrna nbisl2-cds-300 that contained 11 premature stop codons
We flag the mrna nbisl2-cds-301 that contained 22 premature stop codons
We flag the mrna nbisl2-cds-302 that contained 26 premature stop codons
We flag the mrna nbisl2-cds-303 that contained 18 premature stop codons
We flag the mrna nbisl2-cds-304 that contained 30 premature stop codons
We flag the mrna nbisl2-cds-305 that contained 26 premature stop codons
We flag the mrna nbisl2-cds-306 that contained 31 premature stop codons
We flag the mrna nbisl2-cds-307 that contained 44 premature stop codons
We flag the mrna nbisl2-cds-308 that contained 49 premature stop codons
We flag the mrna nbisl2-cds-309 that contained 31 premature stop codons
We flag the mrna nbisl2-cds-310 that contained 36 premature stop codons
We flag the mrna nbisl2-cds-311 that contained 43 premature stop codons
We flag the mrna nbisl2-cds-312 that contained 15 premature stop codons
We flag the mrna nbisl2-cds-313 that contained 14 premature stop codons
We flag the mrna nbisl2-cds-314 that contained 75 premature stop codons
We flag the mrna nbisl2-cds-316 that contained 99 premature stop codons
We flag the mrna nbisl2-cds-317 that contained 24 premature stop codons
We flag the mrna nbisl2-cds-318 that contained 24 premature stop codons
We flag the mrna nbisl2-cds-319 that contained 14 premature stop codons
We flag the mrna nbisl2-cds-320 that contained 19 premature stop codons
We flag the mrna nbisl2-cds-321 that contained 32 premature stop codons
We flag the mrna nbisl2-cds-322 that contained 14 premature stop codons
We flag the mrna nbisl2-cds-323 that contained 10 premature stop codons
We flag the mrna nbisl2-cds-324 that contained 35 premature stop codons
We flag the mrna nbisl2-cds-325 that contained 13 premature stop codons
We flag the mrna nbisl2-cds-326 that contained 13 premature stop codons
We flag the mrna nbisl2-cds-327 that contained 14 premature stop codons
We flag the mrna nbisl2-cds-328 that contained 23 premature stop codons
We flag the mrna nbisl2-cds-329 that contained 19 premature stop codons
We flag the mrna nbisl2-cds-330 that contained 17 premature stop codons
We flag the mrna nbisl2-cds-331 that contained 28 premature stop codons
We flag the mrna nbisl2-cds-332 that contained 34 premature stop codons
We flag the mrna nbisl2-cds-333 that contained 23 premature stop codons
We flag the mrna nbisl2-cds-334 that contained 35 premature stop codons
We flag the mrna nbisl2-cds-335 that contained 11 premature stop codons
We flag the mrna nbisl2-cds-336 that contained 31 premature stop codons
We flag the mrna nbisl2-cds-337 that contained 27 premature stop codons
We flag the mrna nbisl2-cds-338 that contained 12 premature stop codons
We flag the mrna nbisl2-cds-339 that contained 13 premature stop codons
We flag the mrna nbisl2-cds-340 that contained 19 premature stop codons
We flag the mrna nbisl2-cds-341 that contained 15 premature stop codons
We flag the mrna nbisl2-cds-342 that contained 33 premature stop codons
We flag the mrna nbisl2-cds-343 that contained 10 premature stop codons
We flag the mrna nbisl2-cds-344 that contained 21 premature stop codons
We flag the mrna nbisl2-cds-345 that contained 18 premature stop codons
We flag the mrna nbisl2-cds-346 that contained 27 premature stop codons
We flag the mrna nbisl2-cds-347 that contained 36 premature stop codons
We flag the mrna nbisl2-cds-348 that contained 27 premature stop codons
We flag the mrna nbisl2-cds-349 that contained 15 premature stop codons
We flag the mrna nbisl2-cds-350 that contained 21 premature stop codons
We flag the mrna nbisl2-cds-351 that contained 33 premature stop codons
We flag the mrna nbisl2-cds-352 that contained 86 premature stop codons
We flag the mrna nbisl2-cds-353 that contained 24 premature stop codons
We flag the mrna nbisl2-cds-354 that contained 17 premature stop codons
We flag the mrna nbisl2-cds-355 that contained 25 premature stop codons
We flag the mrna nbisl2-cds-356 that contained 16 premature stop codons
We flag the mrna nbisl2-cds-357 that contained 17 premature stop codons
We flag the mrna nbisl2-cds-358 that contained 15 premature stop codons
We flag the mrna nbisl2-cds-359 that contained 42 premature stop codons
We flag the mrna nbisl2-cds-360 that contained 7 premature stop codons
We flag the mrna nbisl2-cds-361 that contained 14 premature stop codons
We flag the mrna nbisl2-cds-362 that contained 27 premature stop codons
We flag the mrna nbisl2-cds-363 that contained 13 premature stop codons
We flag the mrna nbisl2-cds-364 that contained 31 premature stop codons
We flag the mrna nbisl2-cds-365 that contained 13 premature stop codons
We flag the mrna nbisl2-cds-366 that contained 14 premature stop codons
We flag the mrna nbisl2-cds-367 that contained 17 premature stop codons
We flag the mrna nbisl2-cds-368 that contained 12 premature stop codons
We flag the mrna nbisl2-cds-369 that contained 24 premature stop codons
We flag the mrna nbisl2-cds-370 that contained 19 premature stop codons
We flag the mrna nbisl2-cds-371 that contained 16 premature stop codons
We flag the mrna nbisl2-cds-372 that contained 18 premature stop codons
We flag the mrna nbisl2-cds-373 that contained 43 premature stop codons
We flag the mrna nbisl2-cds-374 that contained 11 premature stop codons
We flag the mrna nbisl2-cds-375 that contained 34 premature stop codons
We flag the mrna nbisl2-cds-376 that contained 36 premature stop codons
We flag the mrna nbisl2-cds-377 that contained 16 premature stop codons
We flag the mrna nbisl2-cds-378 that contained 10 premature stop codons
We flag the mrna nbisl2-cds-379 that contained 22 premature stop codons
We flag the mrna nbisl2-cds-380 that contained 13 premature stop codons
We flag the mrna nbisl2-cds-381 that contained 23 premature stop codons
We flag the mrna nbisl2-cds-382 that contained 21 premature stop codons
We flag the mrna nbisl2-cds-383 that contained 52 premature stop codons
We flag the mrna nbisl2-cds-384 that contained 22 premature stop codons
We flag the mrna nbisl2-cds-385 that contained 42 premature stop codons
We flag the mrna nbisl2-cds-386 that contained 41 premature stop codons
We flag the mrna nbisl2-cds-387 that contained 52 premature stop codons
We flag the mrna nbisl2-cds-388 that contained 23 premature stop codons
We flag the mrna nbisl2-cds-389 that contained 47 premature stop codons
We flag the mrna nbisl2-cds-390 that contained 112 premature stop codons
We flag the mrna nbisl2-cds-391 that contained 39 premature stop codons
We flag the mrna nbisl2-cds-392 that contained 45 premature stop codons
We flag the mrna nbisl2-cds-393 that contained 18 premature stop codons
We flag the mrna nbisl2-cds-394 that contained 9 premature stop codons
We flag the mrna nbisl2-cds-395 that contained 13 premature stop codons
We flag the mrna nbisl2-cds-396 that contained 36 premature stop codons
We flag the mrna nbisl2-cds-397 that contained 9 premature stop codons
We flag the mrna nbisl2-cds-398 that contained 77 premature stop codons
We flag the mrna nbisl2-cds-399 that contained 20 premature stop codons
We flag the mrna nbisl2-cds-400 that contained 22 premature stop codons
We flag the mrna nbisl2-cds-401 that contained 27 premature stop codons
We flag the mrna nbisl2-cds-402 that contained 30 premature stop codons
We flag the mrna nbisl2-cds-403 that contained 17 premature stop codons
We flag the mrna nbisl2-cds-404 that contained 12 premature stop codons
We flag the mrna nbisl2-cds-405 that contained 19 premature stop codons
We flag the mrna nbisl2-cds-406 that contained 33 premature stop codons
We flag the mrna nbisl2-cds-407 that contained 6 premature stop codons
We flag the mrna nbisl2-cds-408 that contained 2 premature stop codons
We flag the mrna nbisl2-cds-409 that contained 29 premature stop codons
We flag the mrna nbisl2-cds-410 that contained 19 premature stop codons
We flag the mrna nbisl2-cds-411 that contained 42 premature stop codons
We flag the mrna nbisl2-cds-412 that contained 14 premature stop codons
We flag the mrna nbisl2-cds-413 that contained 55 premature stop codons
We flag the mrna nbisl2-cds-414 that contained 22 premature stop codons
We flag the mrna nbisl2-cds-415 that contained 29 premature stop codons
We flag the mrna nbisl2-cds-416 that contained 22 premature stop codons
We flag the mrna nbisl2-cds-417 that contained 12 premature stop codons
We flag the mrna nbisl2-cds-418 that contained 64 premature stop codons
We flag the mrna nbisl2-cds-419 that contained 35 premature stop codons
We flag the mrna nbisl2-cds-420 that contained 8 premature stop codons
We flag the mrna nbisl2-cds-421 that contained 17 premature stop codons
We flag the mrna nbisl2-cds-422 that contained 23 premature stop codons
We flag the mrna nbisl2-cds-423 that contained 6 premature stop codons
We flag the mrna nbisl2-cds-424 that contained 29 premature stop codons
We flag the mrna nbisl2-cds-425 that contained 11 premature stop codons
We flag the mrna nbisl2-cds-426 that contained 41 premature stop codons
We flag the mrna nbisl2-cds-427 that contained 22 premature stop codons
We flag the mrna nbisl2-cds-428 that contained 27 premature stop codons
We flag the mrna nbisl2-cds-429 that contained 4 premature stop codons
We flag the mrna nbisl2-cds-430 that contained 18 premature stop codons
We flag the mrna nbisl2-cds-431 that contained 48 premature stop codons
We flag the mrna nbisl2-cds-432 that contained 73 premature stop codons
We flag the mrna nbisl2-cds-433 that contained 12 premature stop codons
We flag the mrna nbisl2-cds-434 that contained 32 premature stop codons
We flag the mrna nbisl2-cds-435 that contained 16 premature stop codons
We flag the mrna nbisl2-cds-436 that contained 32 premature stop codons
We flag the mrna nbisl2-cds-437 that contained 5 premature stop codons
We flag the mrna nbisl2-cds-438 that contained 31 premature stop codons
We flag the mrna nbisl2-cds-439 that contained 32 premature stop codons
We flag the mrna nbisl2-cds-440 that contained 15 premature stop codons
We flag the mrna nbisl2-cds-441 that contained 40 premature stop codons
We flag the mrna nbisl2-cds-442 that contained 35 premature stop codons
We flag the mrna nbisl2-cds-443 that contained 4 premature stop codons
We flag the mrna nbisl2-cds-444 that contained 46 premature stop codons
We flag the mrna nbisl2-cds-445 that contained 71 premature stop codons
We flag the mrna nbisl2-cds-446 that contained 60 premature stop codons
We flag the mrna nbisl2-cds-447 that contained 70 premature stop codons
We flag the mrna nbisl2-cds-448 that contained 64 premature stop codons
We flag the mrna nbisl2-cds-449 that contained 9 premature stop codons
We flag the mrna nbisl2-cds-450 that contained 14 premature stop codons
We flag the mrna nbisl2-cds-451 that contained 54 premature stop codons
We flag the mrna nbisl2-cds-452 that contained 20 premature stop codons
We flag the mrna nbisl2-cds-453 that contained 34 premature stop codons
We flag the mrna nbisl2-cds-454 that contained 38 premature stop codons
We flag the mrna nbisl2-cds-455 that contained 22 premature stop codons
We flag the mrna nbisl2-cds-456 that contained 23 premature stop codons
We flag the mrna nbisl2-cds-457 that contained 26 premature stop codons
We flag the mrna nbisl2-cds-458 that contained 7 premature stop codons
We flag the mrna nbisl2-cds-459 that contained 23 premature stop codons
We flag the mrna nbisl2-cds-460 that contained 100 premature stop codons
We flag the mrna nbisl2-cds-461 that contained 92 premature stop codons
We flag the mrna nbisl2-cds-462 that contained 19 premature stop codons
We flag the mrna nbisl2-cds-463 that contained 15 premature stop codons
We flag the mrna nbisl2-cds-464 that contained 17 premature stop codons
We flag the mrna nbisl2-cds-465 that contained 11 premature stop codons
We flag the mrna nbisl2-cds-466 that contained 15 premature stop codons
We flag the mrna nbisl2-cds-467 that contained 8 premature stop codons
We flag the mrna nbisl2-cds-468 that contained 23 premature stop codons
We flag the mrna nbisl2-cds-469 that contained 3 premature stop codons
We flag the mrna nbisl2-cds-470 that contained 24 premature stop codons
We flag the mrna nbisl2-cds-471 that contained 9 premature stop codons
We flag the mrna nbisl2-cds-472 that contained 18 premature stop codons
We flag the mrna nbisl2-cds-473 that contained 13 premature stop codons
We flag the mrna nbisl2-cds-474 that contained 8 premature stop codons
We flag the mrna nbisl2-cds-475 that contained 13 premature stop codons
We flag the mrna nbisl2-cds-476 that contained 3 premature stop codons
We flag the mrna nbisl2-cds-477 that contained 36 premature stop codons
We flag the mrna nbisl2-cds-478 that contained 26 premature stop codons
We flag the mrna nbisl2-cds-479 that contained 18 premature stop codons
We flag the mrna nbisl2-cds-480 that contained 20 premature stop codons
We flag the mrna nbisl2-cds-481 that contained 17 premature stop codons
We flag the mrna nbisl2-cds-482 that contained 28 premature stop codons
We flag the mrna nbisl2-cds-483 that contained 19 premature stop codons
We flag the mrna nbisl2-cds-484 that contained 27 premature stop codons
We flag the mrna nbisl2-cds-485 that contained 9 premature stop codons
We flag the mrna nbisl2-cds-486 that contained 21 premature stop codons
We flag the mrna nbisl2-cds-487 that contained 11 premature stop codons
We flag the mrna nbisl2-cds-488 that contained 23 premature stop codons
We flag the mrna nbisl2-cds-489 that contained 14 premature stop codons
We flag the mrna nbisl2-cds-490 that contained 23 premature stop codons
We flag the mrna nbisl2-cds-491 that contained 23 premature stop codons
We flag the mrna nbisl2-cds-492 that contained 31 premature stop codons
We flag the mrna nbisl2-cds-493 that contained 21 premature stop codons
We flag the mrna nbisl2-cds-494 that contained 32 premature stop codons
We flag the mrna nbisl2-cds-495 that contained 19 premature stop codons
We flag the mrna nbisl2-cds-496 that contained 26 premature stop codons
We flag the mrna nbisl2-cds-497 that contained 23 premature stop codons
We flag the mrna nbisl2-cds-498 that contained 21 premature stop codons
We flag the mrna nbisl2-cds-499 that contained 19 premature stop codons
We flag the mrna nbisl2-cds-500 that contained 3 premature stop codons
We flag the mrna nbisl2-cds-501 that contained 41 premature stop codons
We flag the mrna nbisl2-cds-502 that contained 17 premature stop codons
We flag the mrna nbisl2-cds-503 that contained 7 premature stop codons
We flag the mrna nbisl2-cds-504 that contained 40 premature stop codons
We flag the mrna nbisl2-cds-505 that contained 16 premature stop codons
We flag the mrna nbisl2-cds-506 that contained 38 premature stop codons
We flag the mrna nbisl2-cds-507 that contained 38 premature stop codons
We flag the mrna nbisl2-cds-508 that contained 15 premature stop codons
We flag the mrna nbisl2-cds-509 that contained 26 premature stop codons
We flag the mrna nbisl2-cds-510 that contained 49 premature stop codons
We flag the mrna nbisl2-cds-511 that contained 37 premature stop codons
We flag the mrna nbisl2-cds-512 that contained 34 premature stop codons
We flag the mrna nbisl2-cds-513 that contained 50 premature stop codons
We flag the mrna nbisl2-cds-514 that contained 31 premature stop codons
We flag the mrna nbisl2-cds-515 that contained 14 premature stop codons
We flag the mrna nbisl2-cds-516 that contained 6 premature stop codons
We flag the mrna nbisl2-cds-517 that contained 11 premature stop codons
We flag the mrna nbisl2-cds-518 that contained 20 premature stop codons
We flag the mrna nbisl2-cds-519 that contained 41 premature stop codons
We flag the mrna nbisl2-cds-520 that contained 9 premature stop codons
We flag the mrna nbisl2-cds-521 that contained 11 premature stop codons
We flag the mrna nbisl2-cds-522 that contained 10 premature stop codons
We flag the mrna nbisl2-cds-523 that contained 16 premature stop codons
We flag the mrna nbisl2-cds-524 that contained 14 premature stop codons
We flag the mrna nbisl2-cds-525 that contained 3 premature stop codons
We flag the mrna nbisl2-cds-526 that contained 10 premature stop codons
We flag the mrna nbisl2-cds-527 that contained 8 premature stop codons
We flag the mrna nbisl2-cds-528 that contained 58 premature stop codons
We flag the mrna nbisl2-cds-529 that contained 82 premature stop codons
We flag the mrna nbisl2-cds-530 that contained 14 premature stop codons
We flag the mrna nbisl2-cds-531 that contained 8 premature stop codons
We flag the mrna nbisl2-cds-532 that contained 22 premature stop codons
We flag the mrna nbisl2-cds-533 that contained 21 premature stop codons
We flag the mrna nbisl2-cds-534 that contained 57 premature stop codons
We flag the mrna nbisl2-cds-535 that contained 24 premature stop codons
We flag the mrna nbisl2-cds-536 that contained 9 premature stop codons
We flag the mrna nbisl2-cds-537 that contained 7 premature stop codons
We flag the mrna nbisl2-cds-538 that contained 17 premature stop codons
We flag the mrna nbisl2-cds-539 that contained 13 premature stop codons
We flag the mrna nbisl2-cds-540 that contained 26 premature stop codons
We flag the mrna nbisl2-cds-541 that contained 21 premature stop codons
We flag the mrna nbisl2-cds-542 that contained 35 premature stop codons
We flag the mrna nbisl2-cds-543 that contained 67 premature stop codons
We flag the mrna nbisl2-cds-544 that contained 1 premature stop codons
We flag the mrna nbisl2-cds-545 that contained 15 premature stop codons
We flag the mrna nbisl2-cds-546 that contained 41 premature stop codons
We flag the mrna nbisl2-cds-547 that contained 34 premature stop codons
We flag the mrna nbisl2-cds-548 that contained 37 premature stop codons
We flag the mrna nbisl2-cds-549 that contained 32 premature stop codons
We flag the mrna nbisl2-cds-550 that contained 42 premature stop codons
We flag the mrna nbisl2-cds-551 that contained 21 premature stop codons
We flag the mrna nbisl2-cds-552 that contained 42 premature stop codons
We flag the mrna nbisl2-cds-553 that contained 22 premature stop codons
We flag the mrna nbisl2-cds-554 that contained 24 premature stop codons
We flag the mrna nbisl2-cds-555 that contained 39 premature stop codons
We flag the mrna nbisl2-cds-556 that contained 58 premature stop codons
We flag the mrna nbisl2-cds-557 that contained 47 premature stop codons
We flag the mrna nbisl2-cds-558 that contained 34 premature stop codons
We flag the mrna nbisl2-cds-559 that contained 35 premature stop codons
We flag the mrna nbisl2-cds-560 that contained 7 premature stop codons
We flag the mrna nbisl2-cds-561 that contained 17 premature stop codons
We flag the mrna nbisl2-cds-562 that contained 21 premature stop codons
We flag the mrna nbisl2-cds-563 that contained 43 premature stop codons
We flag the mrna nbisl2-cds-564 that contained 25 premature stop codons
We flag the mrna nbisl2-cds-565 that contained 22 premature stop codons
We flag the mrna nbisl2-cds-566 that contained 19 premature stop codons
We flag the mrna nbisl2-cds-567 that contained 10 premature stop codons
We flag the mrna nbisl2-cds-568 that contained 42 premature stop codons
We flag the mrna nbisl2-cds-569 that contained 113 premature stop codons
We flag the mrna nbisl2-cds-570 that contained 24 premature stop codons
We flag the mrna nbisl2-cds-571 that contained 3 premature stop codons
We flag the mrna nbisl2-cds-572 that contained 11 premature stop codons
We flag the mrna nbisl2-cds-573 that contained 51 premature stop codons
We flag the mrna nbisl2-cds-574 that contained 24 premature stop codons
We flag the mrna nbisl2-cds-575 that contained 71 premature stop codons
We flag the mrna nbisl2-cds-576 that contained 35 premature stop codons
We flag the mrna nbisl2-cds-577 that contained 8 premature stop codons
We flag the mrna nbisl2-cds-578 that contained 19 premature stop codons
We flag the mrna nbisl2-cds-579 that contained 13 premature stop codons
We flag the mrna nbisl2-cds-580 that contained 6 premature stop codons
We flag the mrna nbisl2-cds-581 that contained 8 premature stop codons
We flag the mrna nbisl2-cds-582 that contained 11 premature stop codons
We flag the mrna nbisl2-cds-583 that contained 15 premature stop codons
We flag the mrna nbisl2-cds-584 that contained 34 premature stop codons
We flag the mrna nbisl2-cds-585 that contained 21 premature stop codons
We flag the mrna nbisl2-cds-586 that contained 87 premature stop codons
We flag the mrna nbisl2-cds-587 that contained 12 premature stop codons
We flag the mrna nbisl2-cds-588 that contained 10 premature stop codons
We flag the mrna nbisl2-cds-589 that contained 15 premature stop codons
We flag the mrna nbisl2-cds-590 that contained 6 premature stop codons
We flag the mrna nbisl2-cds-591 that contained 44 premature stop codons
We flag the mrna nbisl2-cds-592 that contained 62 premature stop codons
We flag the mrna nbisl2-cds-593 that contained 54 premature stop codons
We flag the mrna nbisl2-cds-594 that contained 14 premature stop codons
We flag the mrna nbisl2-cds-595 that contained 14 premature stop codons
We flag the mrna nbisl2-cds-596 that contained 8 premature stop codons
We flag the mrna nbisl2-cds-597 that contained 2 premature stop codons
We flag the mrna nbisl2-cds-598 that contained 28 premature stop codons
We flag the mrna nbisl2-cds-599 that contained 37 premature stop codons
We flag the mrna nbisl2-cds-600 that contained 54 premature stop codons
We flag the mrna nbisl2-cds-601 that contained 13 premature stop codons
We flag the mrna nbisl2-cds-602 that contained 17 premature stop codons
We flag the mrna nbisl2-cds-603 that contained 57 premature stop codons
We flag the mrna nbisl2-cds-604 that contained 32 premature stop codons
We flag the mrna nbisl2-cds-605 that contained 44 premature stop codons
We flag the mrna nbisl2-cds-606 that contained 17 premature stop codons
We flag the mrna nbisl2-cds-607 that contained 22 premature stop codons
We flag the mrna nbisl2-cds-608 that contained 29 premature stop codons
We flag the mrna nbisl2-cds-609 that contained 13 premature stop codons
We flag the mrna nbisl2-cds-610 that contained 13 premature stop codons
We flag the mrna nbisl2-cds-611 that contained 28 premature stop codons
We flag the mrna nbisl2-cds-612 that contained 7 premature stop codons
We flag the mrna nbisl2-cds-613 that contained 15 premature stop codons
We flag the mrna nbisl2-cds-614 that contained 20 premature stop codons
We flag the mrna nbisl2-cds-615 that contained 22 premature stop codons
We flag the mrna nbisl2-cds-616 that contained 33 premature stop codons
We flag the mrna nbisl2-cds-617 that contained 16 premature stop codons
We flag the mrna nbisl2-cds-618 that contained 7 premature stop codons
We flag the mrna nbisl2-cds-619 that contained 17 premature stop codons
We flag the mrna nbisl2-cds-620 that contained 7 premature stop codons
We flag the mrna nbisl2-cds-621 that contained 17 premature stop codons
We flag the mrna nbisl2-cds-622 that contained 65 premature stop codons
We flag the mrna nbisl2-cds-623 that contained 28 premature stop codons
We flag the mrna nbisl2-cds-624 that contained 33 premature stop codons
We flag the mrna nbisl2-cds-625 that contained 21 premature stop codons
We flag the mrna nbisl2-cds-626 that contained 30 premature stop codons
We flag the mrna nbisl2-cds-627 that contained 38 premature stop codons
We flag the mrna nbisl2-cds-628 that contained 28 premature stop codons
We flag the mrna nbisl2-cds-629 that contained 32 premature stop codons
We flag the mrna nbisl2-cds-630 that contained 20 premature stop codons
We flag the mrna nbisl2-cds-631 that contained 5 premature stop codons
We flag the mrna nbisl2-cds-632 that contained 16 premature stop codons
We flag the mrna nbisl2-cds-633 that contained 19 premature stop codons
We flag the mrna nbisl2-cds-634 that contained 53 premature stop codons
We flag the mrna nbisl2-cds-635 that contained 71 premature stop codons
We flag the mrna nbisl2-cds-636 that contained 38 premature stop codons
We flag the mrna nbisl2-cds-638 that contained 1 premature stop codons
We flag the mrna nbisl2-cds-639 that contained 1 premature stop codons
We flag the mrna nbisl2-cds-640 that contained 1 premature stop codons
We flag the mrna nbisl2-cds-642 that contained 1 premature stop codons
We flag the mrna nbisl2-cds-643 that contained 1 premature stop codons
We flag the mrna nbisl2-cds-644 that contained 1 premature stop codons
We flag the mrna nbisl2-cds-645 that contained 1 premature stop codons
We flag the mrna nbisl2-cds-646 that contained 1 premature stop codons
We flag the mrna nbisl2-cds-647 that contained 1 premature stop codons
We flag the mrna nbisl2-cds-648 that contained 1 premature stop codons
We flag the mrna nbisl2-cds-650 that contained 1 premature stop codons
We flag the mrna nbisl2-cds-652 that contained 1 premature stop codons
We flag the mrna nbisl2-cds-653 that contained 1 premature stop codons
We flag the mrna nbisl2-cds-657 that contained 1 premature stop codons
We flag the mrna nbisl2-cds-658 that contained 1 premature stop codons
We flag the mrna nbisl2-cds-659 that contained 1 premature stop codons
We flag the mrna nbisl2-cds-661 that contained 1 premature stop codons
We flag the mrna nbisl2-cds-664 that contained 1 premature stop codons
We flag the mrna nbisl2-cds-665 that contained 1 premature stop codons
We flag the mrna nbisl2-cds-666 that contained 1 premature stop codons
We flag the mrna nbisl2-cds-667 that contained 1 premature stop codons
We flag the mrna nbisl2-cds-668 that contained 1 premature stop codons
We flag the mrna nbisl2-cds-669 that contained 1 premature stop codons
We flag the mrna nbisl2-cds-670 that contained 1 premature stop codons
We flag the mrna nbisl2-cds-671 that contained 1 premature stop codons
We flag the mrna nbisl2-cds-672 that contained 1 premature stop codons
We flag the mrna nbisl2-cds-673 that contained 1 premature stop codons
We flag the mrna nbisl2-cds-674 that contained 1 premature stop codons
We flag the mrna nbisl2-cds-680 that contained 1 premature stop codons
We flag the mrna nbisl2-cds-681 that contained 1 premature stop codons
We flag the mrna nbisl2-cds-682 that contained 1 premature stop codons
We flag the mrna nbisl2-cds-683 that contained 1 premature stop codons
We flag the mrna nbisl2-cds-684 that contained 1 premature stop codons
We flag the mrna nbisl2-cds-685 that contained 1 premature stop codons
We flag the mrna nbisl2-cds-688 that contained 1 premature stop codons
We flag the mrna nbisl2-cds-689 that contained 1 premature stop codons
We flag the mrna nbisl2-cds-690 that contained 1 premature stop codons
We flag the mrna nbisl2-cds-691 that contained 1 premature stop codons
We flag the mrna nbisl2-cds-692 that contained 1 premature stop codons
We flag the mrna nbisl2-cds-693 that contained 1 premature stop codons
We flag the mrna nbisl2-cds-695 that contained 1 premature stop codons
We flag the mrna nbisl2-cds-697 that contained 1 premature stop codons
We flag the mrna nbisl2-cds-698 that contained 1 premature stop codons
We flag the mrna nbisl2-cds-699 that contained 1 premature stop codons
We flag the mrna nbisl2-cds-700 that contained 1 premature stop codons
We flag the mrna nbisl2-cds-701 that contained 1 premature stop codons
We flag the mrna nbisl2-cds-702 that contained 1 premature stop codons
We flag the mrna nbisl2-cds-703 that contained 1 premature stop codons
We flag the mrna nbisl2-cds-710 that contained 1 premature stop codons
We flag the mrna nbisl2-cds-712 that contained 1 premature stop codons
We flag the mrna nbisl2-cds-716 that contained 1 premature stop codons
We flag the mrna nbisl2-cds-717 that contained 1 premature stop codons
We flag the mrna nbisl2-cds-718 that contained 1 premature stop codons
We flag the mrna nbisl2-cds-719 that contained 1 premature stop codons
We flag the mrna nbisl2-cds-722 that contained 1 premature stop codons
We flag the mrna nbisl2-cds-723 that contained 1 premature stop codons
We flag the mrna nbisl2-cds-724 that contained 1 premature stop codons
We flag the mrna nbisl2-cds-725 that contained 1 premature stop codons
We flag the mrna nbisl2-cds-726 that contained 1 premature stop codons
We flag the mrna nbisl2-cds-727 that contained 1 premature stop codons
We flag the mrna nbisl2-cds-728 that contained 1 premature stop codons
We flag the mrna nbisl2-cds-729 that contained 1 premature stop codons
We flag the mrna nbisl2-cds-730 that contained 1 premature stop codons
We flag the mrna nbisl2-cds-731 that contained 1 premature stop codons
We flag the mrna nbisl2-cds-732 that contained 1 premature stop codons
We flag the mrna nbisl2-cds-738 that contained 1 premature stop codons
We flag the mrna nbisl2-cds-739 that contained 1 premature stop codons
We flag the mrna nbisl2-cds-740 that contained 1 premature stop codons
We flag the mrna nbisl2-cds-741 that contained 1 premature stop codons
We flag the mrna nbisl2-cds-742 that contained 1 premature stop codons
We flag the mrna nbisl2-cds-743 that contained 1 premature stop codons
We flag the mrna nbisl2-cds-744 that contained 1 premature stop codons
We flag the mrna nbisl2-cds-745 that contained 1 premature stop codons
We flag the mrna nbisl2-cds-749 that contained 1 premature stop codons
We flag the mrna nbisl2-cds-752 that contained 1 premature stop codons
We flag the mrna nbisl2-cds-753 that contained 1 premature stop codons
We flag the mrna nbisl2-cds-755 that contained 1 premature stop codons
We flag the mrna nbisl2-cds-758 that contained 1 premature stop codons
We flag the mrna nbisl2-cds-759 that contained 1 premature stop codons
We flag the mrna nbisl2-cds-760 that contained 1 premature stop codons
We flag the mrna nbisl2-cds-761 that contained 1 premature stop codons
We flag the mrna nbisl2-cds-768 that contained 1 premature stop codons
We flag the mrna nbisl2-cds-769 that contained 1 premature stop codons
We flag the mrna nbisl2-cds-772 that contained 1 premature stop codons
We flag the mrna nbisl2-cds-773 that contained 1 premature stop codons
We flag the mrna nbisl2-cds-774 that contained 1 premature stop codons
We flag the mrna nbisl2-cds-777 that contained 1 premature stop codons
We flag the mrna nbisl2-cds-780 that contained 1 premature stop codons
We flag the mrna nbisl2-cds-781 that contained 1 premature stop codons
We flag the mrna nbisl2-cds-782 that contained 1 premature stop codons
We flag the mrna nbisl2-cds-783 that contained 53 premature stop codons
We flag the mrna nbisl2-cds-785 that contained 56 premature stop codons
We flag the mrna nbisl2-cds-786 that contained 26 premature stop codons
We flag the mrna nbisl2-cds-787 that contained 15 premature stop codons
We flag the mrna nbisl2-cds-788 that contained 18 premature stop codons
We flag the mrna nbisl2-cds-789 that contained 23 premature stop codons
We flag the mrna nbisl2-cds-790 that contained 24 premature stop codons
We flag the mrna nbisl2-cds-791 that contained 40 premature stop codons
We flag the mrna nbisl2-cds-792 that contained 60 premature stop codons
We flag the mrna nbisl2-cds-793 that contained 67 premature stop codons
We flag the mrna nbisl2-cds-794 that contained 66 premature stop codons
We flag the mrna nbisl2-cds-795 that contained 7 premature stop codons
We flag the mrna nbisl2-cds-796 that contained 21 premature stop codons
We flag the mrna nbisl2-cds-797 that contained 16 premature stop codons
We flag the mrna nbisl2-cds-798 that contained 15 premature stop codons
We flag the mrna nbisl2-cds-799 that contained 9 premature stop codons
We flag the mrna nbisl2-cds-800 that contained 25 premature stop codons
We flag the mrna nbisl2-cds-801 that contained 4 premature stop codons
We flag the mrna nbisl2-cds-802 that contained 4 premature stop codons
We flag the mrna nbisl2-cds-803 that contained 37 premature stop codons
We flag the mrna nbisl2-cds-804 that contained 51 premature stop codons
We flag the mrna nbisl2-cds-806 that contained 24 premature stop codons
We flag the mrna nbisl2-cds-807 that contained 12 premature stop codons
We flag the mrna nbisl2-cds-808 that contained 60 premature stop codons
We flag the mrna nbisl2-cds-809 that contained 5 premature stop codons
We flag the mrna nbisl2-cds-810 that contained 5 premature stop codons
We flag the mrna nbisl2-cds-811 that contained 14 premature stop codons
We flag the mrna nbisl2-cds-812 that contained 22 premature stop codons
We flag the mrna nbisl2-cds-813 that contained 34 premature stop codons
We flag the mrna nbisl2-cds-814 that contained 19 premature stop codons
We flag the mrna nbisl2-cds-815 that contained 23 premature stop codons
We flag the mrna nbisl2-cds-816 that contained 23 premature stop codons
We flag the mrna nbisl2-cds-817 that contained 32 premature stop codons
We flag the mrna nbisl2-cds-818 that contained 70 premature stop codons
We flag the mrna nbisl2-cds-819 that contained 29 premature stop codons
We flag the mrna nbisl2-cds-820 that contained 17 premature stop codons
We flag the mrna nbisl2-cds-821 that contained 24 premature stop codons
We flag the mrna nbisl2-cds-822 that contained 23 premature stop codons
We flag the mrna nbisl2-cds-823 that contained 28 premature stop codons
We flag the mrna nbisl2-cds-824 that contained 30 premature stop codons
We flag the mrna nbisl2-cds-825 that contained 35 premature stop codons
We flag the mrna nbisl2-cds-826 that contained 74 premature stop codons
We flag the mrna nbisl2-cds-827 that contained 31 premature stop codons
We flag the mrna nbisl2-cds-828 that contained 40 premature stop codons
We flag the mrna nbisl2-cds-829 that contained 17 premature stop codons
We flag the mrna nbisl2-cds-830 that contained 30 premature stop codons
We flag the mrna nbisl2-cds-831 that contained 36 premature stop codons
We flag the mrna nbisl2-cds-832 that contained 16 premature stop codons
We flag the mrna nbisl2-cds-833 that contained 3 premature stop codons
We flag the mrna nbisl2-cds-834 that contained 13 premature stop codons
We flag the mrna nbisl2-cds-835 that contained 22 premature stop codons
We flag the mrna nbisl2-cds-836 that contained 26 premature stop codons
We flag the mrna nbisl2-cds-837 that contained 20 premature stop codons
We flag the mrna nbisl2-cds-838 that contained 12 premature stop codons
We flag the mrna nbisl2-cds-839 that contained 40 premature stop codons
We flag the mrna nbisl2-cds-840 that contained 30 premature stop codons
We flag the mrna nbisl2-cds-841 that contained 27 premature stop codons
We flag the mrna nbisl2-cds-842 that contained 30 premature stop codons
We flag the mrna nbisl2-cds-843 that contained 27 premature stop codons
We flag the mrna nbisl2-cds-844 that contained 26 premature stop codons
We flag the mrna nbisl2-cds-845 that contained 7 premature stop codons
We flag the mrna nbisl2-cds-846 that contained 34 premature stop codons
We flag the mrna nbisl2-cds-847 that contained 5 premature stop codons
We flag the mrna nbisl2-cds-848 that contained 13 premature stop codons
We flag the mrna nbisl2-cds-849 that contained 26 premature stop codons
We flag the mrna nbisl2-cds-850 that contained 24 premature stop codons
We flag the mrna nbisl2-cds-851 that contained 27 premature stop codons
We flag the mrna nbisl2-cds-852 that contained 112 premature stop codons
We flag the mrna nbisl2-cds-853 that contained 7 premature stop codons
We flag the mrna nbisl2-cds-854 that contained 25 premature stop codons
We flag the mrna nbisl2-cds-855 that contained 2 premature stop codons
We flag the mrna nbisl2-cds-856 that contained 34 premature stop codons
We flag the mrna nbisl2-cds-857 that contained 47 premature stop codons
We flag the mrna nbisl2-cds-858 that contained 20 premature stop codons
We flag the mrna nbisl2-cds-859 that contained 16 premature stop codons
We flag the mrna nbisl2-cds-860 that contained 9 premature stop codons
We flag the mrna nbisl2-cds-861 that contained 17 premature stop codons
We flag the mrna nbisl2-cds-862 that contained 13 premature stop codons
We flag the mrna nbisl2-cds-863 that contained 18 premature stop codons
We flag the mrna nbisl2-cds-864 that contained 14 premature stop codons
We flag the mrna nbisl2-cds-865 that contained 36 premature stop codons
We flag the mrna nbisl2-cds-866 that contained 18 premature stop codons
We flag the mrna nbisl2-cds-867 that contained 16 premature stop codons
We flag the mrna nbisl2-cds-868 that contained 17 premature stop codons
We flag the mrna nbisl2-cds-870 that contained 1 premature stop codons
We flag the mrna nbisl2-cds-871 that contained 1 premature stop codons
We flag the mrna nbisl2-cds-872 that contained 1 premature stop codons
We flag the mrna nbisl2-cds-873 that contained 1 premature stop codons
We flag the mrna nbisl2-cds-874 that contained 1 premature stop codons
We flag the mrna nbisl2-cds-875 that contained 1 premature stop codons
We flag the mrna nbisl2-cds-876 that contained 1 premature stop codons
We flag the mrna nbisl2-cds-877 that contained 1 premature stop codons
We flag the mrna nbisl2-cds-878 that contained 1 premature stop codons
We flag the mrna nbisl2-cds-879 that contained 1 premature stop codons
We flag the mrna nbisl2-cds-880 that contained 1 premature stop codons
We flag the mrna nbisl2-cds-881 that contained 2 premature stop codons
We flag the mrna nbisl2-cds-882 that contained 1 premature stop codons
We flag the mrna nbisl2-cds-883 that contained 1 premature stop codons
We flag the mrna nbisl2-cds-884 that contained 1 premature stop codons
We flag the mrna nbisl2-cds-885 that contained 1 premature stop codons
We flag the mrna nbisl2-cds-886 that contained 2 premature stop codons
We flag the mrna nbisl2-cds-887 that contained 1 premature stop codons
We flag the mrna nbisl2-cds-888 that contained 1 premature stop codons
We flag the mrna nbisl2-cds-889 that contained 1 premature stop codons
We flag the mrna nbisl2-cds-890 that contained 1 premature stop codons
We flag the mrna nbisl2-cds-891 that contained 1 premature stop codons
We flag the mrna nbisl2-cds-892 that contained 1 premature stop codons
We flag the mrna nbisl2-cds-893 that contained 1 premature stop codons
We flag the mrna nbisl2-cds-894 that contained 2 premature stop codons
We flag the mrna nbisl2-cds-895 that contained 1 premature stop codons
We flag the mrna nbisl2-cds-896 that contained 1 premature stop codons
We flag the mrna nbisl2-cds-897 that contained 1 premature stop codons
We flag the mrna nbisl2-cds-898 that contained 1 premature stop codons
We flag the mrna nbisl2-cds-899 that contained 1 premature stop codons
We flag the mrna nbisl2-cds-900 that contained 1 premature stop codons
We flag the mrna nbisl2-cds-901 that contained 1 premature stop codons
We flag the mrna nbisl2-cds-903 that contained 1 premature stop codons
We flag the mrna nbisl2-cds-904 that contained 1 premature stop codons
We flag the mrna nbisl2-cds-905 that contained 1 premature stop codons
We flag the mrna nbisl2-cds-906 that contained 1 premature stop codons
We flag the mrna nbisl2-cds-907 that contained 1 premature stop codons
We flag the mrna nbisl2-cds-908 that contained 1 premature stop codons
We flag the mrna nbisl2-cds-910 that contained 1 premature stop codons
We flag the mrna nbisl2-cds-911 that contained 1 premature stop codons
We flag the mrna nbisl2-cds-912 that contained 1 premature stop codons
We flag the mrna nbisl2-cds-913 that contained 2 premature stop codons
We flag the mrna nbisl2-cds-914 that contained 1 premature stop codons
We flag the mrna nbisl2-cds-916 that contained 1 premature stop codons
We flag the mrna nbisl2-cds-917 that contained 1 premature stop codons
We flag the mrna nbisl2-cds-918 that contained 1 premature stop codons
We flag the mrna nbisl2-cds-919 that contained 1 premature stop codons
We flag the mrna nbisl2-cds-920 that contained 1 premature stop codons
We flag the mrna nbisl2-cds-921 that contained 1 premature stop codons
We flag the mrna nbisl2-cds-924 that contained 1 premature stop codons
We flag the mrna nbisl2-cds-925 that contained 1 premature stop codons
We flag the mrna nbisl2-cds-928 that contained 1 premature stop codons
We flag the mrna nbisl2-cds-933 that contained 1 premature stop codons
We flag the mrna nbisl2-cds-934 that contained 1 premature stop codons
We flag the mrna nbisl2-cds-936 that contained 2 premature stop codons
We flag the mrna nbisl2-cds-940 that contained 1 premature stop codons
We flag the mrna nbisl2-cds-941 that contained 1 premature stop codons
We flag the mrna nbisl2-cds-942 that contained 1 premature stop codons
We flag the mrna nbisl2-cds-943 that contained 1 premature stop codons
We flag the mrna nbisl2-cds-944 that contained 1 premature stop codons
We found 795 cases where mRNAs contain premature stop codons. They have been flagged as pseudogene.
795 genes have been flagged as pseudogene.
Formating output to GFF3
