
 ------------------------------------------------------------------------------
|   Another GFF Analysis Toolkit (AGAT) - Version: v1.5.1                      |
|   https://github.com/NBISweden/AGAT                                          |
|   National Bioinformatics Infrastructure Sweden (NBIS) - www.nbis.se         |
 ------------------------------------------------------------------------------
=> Using standard /usr/local/share/perl/5.34.0/auto/share/dist/AGAT/agat_config.yaml config file
Codon table 1 in use. You can change it using the appropriate parameter.
Minimum protein length taken in account = 100 AA
You didn't use the option stranded. We will look for fusion in all strand (+ and -)!
                                        
                                       
                          ------ Start parsing ------                           
-------------------------- parse options and metadata --------------------------
=> Accessing the feature_levels YAML file
Using standard /usr/local/share/perl/5.34.0/auto/share/dist/AGAT/feature_levels.yaml file
=> Attribute used to group features when no Parent/ID relationship exists (i.e common tag):
	* locus_tag
	* gene_id
=> merge_loci option deactivated
=> Machine information:
	This script is being run by perl v5.34.0
	Bioperl location being used: /usr/local/share/perl/5.34.0/Bio/
	Operating system being used: linux 
=> Accessing Ontology
	No ontology accessible from the gff file header!
	We use the SOFA ontology distributed with AGAT:
		/usr/local/share/perl/5.34.0/auto/share/dist/AGAT/so.obo
	Read ontology /usr/local/share/perl/5.34.0/auto/share/dist/AGAT/so.obo:
		4 root terms, and 2596 total terms, and 1516 leaf terms
	Filtering ontology:
		We found 1861 terms that are sequence_feature or is_a child of it.
--------------------------------- parsing file ---------------------------------
=> Number of line in file: 942
=> Number of comment lines: 61
=> Fasta included: No
=> Number of features lines: 881
=> Number of feature type (3rd column): 10
	* Level1: 4 => chromosome gene ncRNA_gene repeat_region
	* level2: 2 => tRNA mRNA
	* level3: 4 => exon CDS five_prime_UTR three_prime_UTR
	* unknown: 0 => 
=> Version of the Bioperl GFF parser selected by AGAT: 3
                  ------ End parsing (done in 2 second) ------                  


                           ------ Start checks ------                           
---------------------------- Check1: feature types -----------------------------
----------------------------------- ontology -----------------------------------
All feature types in agreement with the Ontology.
------------------------------------- agat -------------------------------------
AGAT can deal with all the encountered feature types (3rd column)
------------------------------ done in 0 seconds -------------------------------

------------------------------ Check2: duplicates ------------------------------
None found
------------------------------ done in 0 seconds -------------------------------

-------------------------- Check3: sequential bucket ---------------------------
None found
------------------------------ done in 0 seconds -------------------------------

--------------------------- Check4: l2 linked to l3 ----------------------------
No problem found
------------------------------ done in 0 seconds -------------------------------

--------------------------- Check5: l1 linked to l2 ----------------------------
No problem found
------------------------------ done in 0 seconds -------------------------------

--------------------------- Check6: remove orphan l1 ---------------------------
We remove only those not supposed to be orphan
None found
------------------------------ done in 0 seconds -------------------------------

------------------------- Check7: all level3 locations -------------------------
------------------------------ done in 0 seconds -------------------------------

------------------------------ Check8: check cds -------------------------------
No problem found
------------------------------ done in 0 seconds -------------------------------

----------------------------- Check9: check exons ------------------------------
No exons created
1 exons locations modified that were wrong
No supernumerary exons removed
No level2 locations modified
------------------------------ done in 0 seconds -------------------------------

----------------------------- Check10: check utrs ------------------------------
No UTRs created
No UTRs locations modified
No supernumerary UTRs removed
------------------------------ done in 0 seconds -------------------------------

------------------------ Check11: all level2 locations -------------------------
No problem found
------------------------------ done in 0 seconds -------------------------------

------------------------ Check12: all level1 locations -------------------------
No problem found
------------------------------ done in 0 seconds -------------------------------

---------------------- Check13: remove identical isoforms ----------------------
None found
------------------------------ done in 0 seconds -------------------------------
                  ------ End checks (done in 0 second) ------                   


GFF3 file parsed
Fasta file parsed
Progress : 100 %
Original phase . replaced by 0 for new1_Os01t0105400-01.exon4-cds-4
Original phase . replaced by 0 for new1_Os01t0105400-01.exon3-cds-3
Original phase . replaced by 1 for new1_Os01t0105400-01.exon2-cds-2
Original phase . replaced by 2 for new1_Os01t0105400-01.exon1-cds-1
Original phase . replaced by 0 for new1_Os01t0104400-02.exon4-cds-1
Original phase . replaced by 0 for new1_Os01t0103075-00.exon1-cds-1
Original phase . replaced by 0 for new1_Os01t0105300-01.exon5-cds-1
Original phase . replaced by 0 for new1_Os01t0100600-01.exon6-cds-1
Original phase . replaced by 0 for new1_Os01t0103600-01.exon3-cds-1
Original phase . replaced by 0 for new2_Os01t0103700-01.exon6-cds-1
Original phase . replaced by 0 for new2_Os01t0101200-02.exon4-cds-1
Original phase . replaced by 0 for new1_Os01t0104600-01.exon1-cds-1
Original phase . replaced by 0 for new2_Os01t0103075-00.exon1-cds-1
Original phase . replaced by 0 for new1_Os01t0103900-01.exon12-cds-1
Original phase . replaced by 0 for new1_Os01t0100500-01.exon7-cds-1
Original phase . replaced by 1 for new1_Os01t0100500-01.exon8-cds-2
Original phase . replaced by 0 for new1_Os01t0104100-01.exon8-cds-1
Original phase . replaced by 0 for new1_Os01t0100200-01.exon1-cds-1
Original phase . replaced by 0 for new3_Os01t0101200-02.exon4-cds-1
Original phase . replaced by 0 for new1_Os01t0100600-01.exon1-cds-1
Original phase . replaced by 0 for new1_Os01t0103600-01.exon1-cds-1
Original phase . replaced by 0 for new1_Os01t0101200-02.exon4-cds-1
Original phase . replaced by 0 for new1_Os01t0103700-01.exon6-cds-1
Original phase . replaced by 0 for new1_Os01t0101850-00.exon3-cds-1
Original phase . replaced by 0 for new1_Os01t0101300-01.exon1-cds-1
Original phase . replaced by 0 for new1_Os01t0100466-00.exon2-cds-1
Managing spurious labelling at gene level
print intact...
Formating output to GFF3
print modified...
Formating output to GFF3
print all together...
Formating output to GFF3
usage: /home/kim/dev/agat_reg_tests/_agat-fixtures-work/AGAT-upstream/bin/agat_sp_fix_fusion.pl --gff /home/kim/dev/agat_reg_tests/_agat-fixtures-work/AGAT-upstream/t/scripts_output/in/1.gff --fasta /home/kim/dev/agat_reg_tests/_agat-fixtures-work/AGAT-upstream/t/scripts_output/in/1.fa -o /home/kim/dev/agat_reg_tests/_agat-fixtures-work/AGAT-upstream/tmp/t_agat_sp_fix_fusion_t/default_3/tmp.gff
Results:
16 genes affected and 16 mRNA.
Job done in 4 seconds
Bye Bye.
